2025-01-26T19:23:37Z ::: client has started;
2025-01-26T19:23:47Z ::: action;
	context item [response:]: proto.Response, {Type:on_action Hash:{Version:1 Date:1737919427 Resource: Zeros:1 Rand: Counter:0} LineId:0 Result:};
		where: /home/senior/Documents/GitHub/wow/tests/go/cmd/client/main.go, line: 74;
2025-01-26T19:23:47Z ::: execution;
	context item [LineId:]: int, 1;
	context item [LineValue:]: string, line 1;
		where: /home/senior/Documents/GitHub/wow/tests/go/cmd/client/main.go, line: 94;
2025-01-26T19:23:57Z ::: action;
	context item [response:]: proto.Response, {Type:on_action Hash:{Version:1 Date:1737919437 Resource: Zeros:1 Rand: Counter:0} LineId:0 Result:};
		where: /home/senior/Documents/GitHub/wow/tests/go/cmd/client/main.go, line: 74;
2025-01-26T19:23:57Z ::: execution;
	context item [LineId:]: int, 2;
	context item [LineValue:]: string, line 2;
		where: /home/senior/Documents/GitHub/wow/tests/go/cmd/client/main.go, line: 94;
2025-01-26T19:24:07Z ::: action;
	context item [response:]: proto.Response, {Type:on_action Hash:{Version:1 Date:1737919447 Resource: Zeros:1 Rand: Counter:0} LineId:0 Result:};
		where: /home/senior/Documents/GitHub/wow/tests/go/cmd/client/main.go, line: 74;
2025-01-26T19:24:07Z ::: execution;
	context item [LineId:]: int, 3;
	context item [LineValue:]: string, line 3;
		where: /home/senior/Documents/GitHub/wow/tests/go/cmd/client/main.go, line: 94;
2025-01-26T19:24:17Z ::: action;
	context item [response:]: proto.Response, {Type:on_action Hash:{Version:1 Date:1737919457 Resource: Zeros:1 Rand: Counter:0} LineId:0 Result:};
		where: /home/senior/Documents/GitHub/wow/tests/go/cmd/client/main.go, line: 74;
2025-01-26T19:24:17Z ::: execution;
	context item [LineId:]: int, 4;
	context item [LineValue:]: string, line 4;
		where: /home/senior/Documents/GitHub/wow/tests/go/cmd/client/main.go, line: 94;
2025-01-26T19:24:27Z ::: action;
	context item [response:]: proto.Response, {Type:on_action Hash:{Version:1 Date:1737919467 Resource: Zeros:1 Rand: Counter:0} LineId:0 Result:};
		where: /home/senior/Documents/GitHub/wow/tests/go/cmd/client/main.go, line: 74;
2025-01-26T19:24:27Z ::: execution;
	context item [LineId:]: int, 5;
	context item [LineValue:]: string, line 5;
		where: /home/senior/Documents/GitHub/wow/tests/go/cmd/client/main.go, line: 94;
2025-01-26T19:24:37Z ::: action;
	context item [response:]: proto.Response, {Type:on_action Hash:{Version:1 Date:1737919477 Resource: Zeros:1 Rand: Counter:0} LineId:0 Result:};
		where: /home/senior/Documents/GitHub/wow/tests/go/cmd/client/main.go, line: 74;
2025-01-26T19:24:37Z ::: execution;
	context item [LineId:]: int, 6;
	context item [LineValue:]: string, line 6;
		where: /home/senior/Documents/GitHub/wow/tests/go/cmd/client/main.go, line: 94;
2025-01-26T19:24:47Z ::: action;
	context item [response:]: proto.Response, {Type:on_action Hash:{Version:1 Date:1737919487 Resource: Zeros:1 Rand: Counter:0} LineId:0 Result:};
		where: /home/senior/Documents/GitHub/wow/tests/go/cmd/client/main.go, line: 74;
2025-01-26T19:24:47Z ::: execution;
	context item [LineId:]: int, 7;
	context item [LineValue:]: string, line 7;
		where: /home/senior/Documents/GitHub/wow/tests/go/cmd/client/main.go, line: 94;
2025-01-26T19:24:57Z ::: action;
	context item [response:]: proto.Response, {Type:on_action Hash:{Version:1 Date:1737919497 Resource: Zeros:1 Rand: Counter:0} LineId:0 Result:};
		where: /home/senior/Documents/GitHub/wow/tests/go/cmd/client/main.go, line: 74;
2025-01-26T19:24:57Z ::: execution;
	context item [LineId:]: int, 8;
	context item [LineValue:]: string, line 8;
		where: /home/senior/Documents/GitHub/wow/tests/go/cmd/client/main.go, line: 94;
2025-01-26T19:25:07Z ::: action;
	context item [response:]: proto.Response, {Type:on_action Hash:{Version:1 Date:1737919507 Resource: Zeros:1 Rand: Counter:0} LineId:0 Result:};
		where: /home/senior/Documents/GitHub/wow/tests/go/cmd/client/main.go, line: 74;
2025-01-26T19:25:07Z ::: execution;
	context item [LineId:]: int, 9;
	context item [LineValue:]: string, line 9;
		where: /home/senior/Documents/GitHub/wow/tests/go/cmd/client/main.go, line: 94;
2025-01-26T19:25:17Z ::: action;
	context item [response:]: proto.Response, {Type:on_action Hash:{Version:1 Date:1737919517 Resource: Zeros:1 Rand: Counter:0} LineId:0 Result:};
		where: /home/senior/Documents/GitHub/wow/tests/go/cmd/client/main.go, line: 74;
2025-01-26T19:25:17Z ::: execution;
	context item [LineId:]: int, 10;
	context item [LineValue:]: string, ;
		where: /home/senior/Documents/GitHub/wow/tests/go/cmd/client/main.go, line: 94;
2025-01-26T19:25:27Z ::: action;
	context item [response:]: proto.Response, {Type:on_action Hash:{Version:1 Date:1737919527 Resource: Zeros:1 Rand: Counter:0} LineId:0 Result:};
		where: /home/senior/Documents/GitHub/wow/tests/go/cmd/client/main.go, line: 74;
2025-01-26T19:25:27Z ::: execution;
	context item [LineId:]: int, 11;
	context item [LineValue:]: string, ;
		where: /home/senior/Documents/GitHub/wow/tests/go/cmd/client/main.go, line: 94;
2025-01-26T19:25:37Z ::: action;
	context item [response:]: proto.Response, {Type:on_action Hash:{Version:1 Date:1737919537 Resource: Zeros:1 Rand: Counter:0} LineId:0 Result:};
		where: /home/senior/Documents/GitHub/wow/tests/go/cmd/client/main.go, line: 74;
2025-01-26T19:25:37Z ::: execution;
	context item [LineId:]: int, 12;
	context item [LineValue:]: string, ;
		where: /home/senior/Documents/GitHub/wow/tests/go/cmd/client/main.go, line: 94;
2025-01-26T19:25:47Z ::: action;
	context item [response:]: proto.Response, {Type:on_action Hash:{Version:1 Date:1737919547 Resource: Zeros:1 Rand: Counter:0} LineId:0 Result:};
		where: /home/senior/Documents/GitHub/wow/tests/go/cmd/client/main.go, line: 74;
2025-01-26T19:25:47Z ::: execution;
	context item [LineId:]: int, 13;
	context item [LineValue:]: string, ;
		where: /home/senior/Documents/GitHub/wow/tests/go/cmd/client/main.go, line: 94;
2025-01-26T19:25:57Z ::: action;
	context item [response:]: proto.Response, {Type:on_action Hash:{Version:1 Date:1737919557 Resource: Zeros:1 Rand: Counter:0} LineId:0 Result:};
		where: /home/senior/Documents/GitHub/wow/tests/go/cmd/client/main.go, line: 74;
2025-01-26T19:25:57Z ::: execution;
	context item [LineId:]: int, 14;
	context item [LineValue:]: string, ;
		where: /home/senior/Documents/GitHub/wow/tests/go/cmd/client/main.go, line: 94;
2025-01-26T19:26:07Z ::: action;
	context item [response:]: proto.Response, {Type:on_action Hash:{Version:1 Date:1737919567 Resource: Zeros:1 Rand: Counter:0} LineId:0 Result:};
		where: /home/senior/Documents/GitHub/wow/tests/go/cmd/client/main.go, line: 74;
2025-01-26T19:26:07Z ::: execution;
	context item [LineId:]: int, 15;
	context item [LineValue:]: string, ;
		where: /home/senior/Documents/GitHub/wow/tests/go/cmd/client/main.go, line: 94;
2025-01-26T19:26:17Z ::: action;
	context item [response:]: proto.Response, {Type:on_action Hash:{Version:1 Date:1737919577 Resource: Zeros:1 Rand: Counter:0} LineId:0 Result:};
		where: /home/senior/Documents/GitHub/wow/tests/go/cmd/client/main.go, line: 74;
2025-01-26T19:26:17Z ::: execution;
	context item [LineId:]: int, 16;
	context item [LineValue:]: string, ;
		where: /home/senior/Documents/GitHub/wow/tests/go/cmd/client/main.go, line: 94;
2025-01-26T19:26:27Z ::: action;
	context item [response:]: proto.Response, {Type:on_action Hash:{Version:1 Date:1737919587 Resource: Zeros:1 Rand: Counter:0} LineId:0 Result:};
		where: /home/senior/Documents/GitHub/wow/tests/go/cmd/client/main.go, line: 74;
2025-01-26T19:26:27Z ::: execution;
	context item [LineId:]: int, 17;
	context item [LineValue:]: string, ;
		where: /home/senior/Documents/GitHub/wow/tests/go/cmd/client/main.go, line: 94;
2025-01-26T19:26:37Z ::: action;
	context item [response:]: proto.Response, {Type:on_action Hash:{Version:1 Date:1737919597 Resource: Zeros:1 Rand: Counter:0} LineId:0 Result:};
		where: /home/senior/Documents/GitHub/wow/tests/go/cmd/client/main.go, line: 74;
2025-01-26T19:26:37Z ::: execution;
	context item [LineId:]: int, 18;
	context item [LineValue:]: string, ;
		where: /home/senior/Documents/GitHub/wow/tests/go/cmd/client/main.go, line: 94;
2025-01-26T19:26:47Z ::: action;
	context item [response:]: proto.Response, {Type:on_action Hash:{Version:1 Date:1737919607 Resource: Zeros:1 Rand: Counter:0} LineId:0 Result:};
		where: /home/senior/Documents/GitHub/wow/tests/go/cmd/client/main.go, line: 74;
2025-01-26T19:26:47Z ::: execution;
	context item [LineValue:]: string, ;
	context item [LineId:]: int, 19;
		where: /home/senior/Documents/GitHub/wow/tests/go/cmd/client/main.go, line: 94;
2025-01-26T19:26:57Z ::: action;
	context item [response:]: proto.Response, {Type:on_action Hash:{Version:1 Date:1737919617 Resource: Zeros:1 Rand: Counter:0} LineId:0 Result:};
		where: /home/senior/Documents/GitHub/wow/tests/go/cmd/client/main.go, line: 74;
2025-01-26T19:26:57Z ::: execution;
	context item [LineId:]: int, 0;
	context item [LineValue:]: string, ;
		where: /home/senior/Documents/GitHub/wow/tests/go/cmd/client/main.go, line: 94;
2025-01-26T19:27:07Z ::: action;
	context item [response:]: proto.Response, {Type:on_action Hash:{Version:1 Date:1737919627 Resource: Zeros:1 Rand: Counter:0} LineId:0 Result:};
		where: /home/senior/Documents/GitHub/wow/tests/go/cmd/client/main.go, line: 74;
2025-01-26T19:27:07Z ::: execution;
	context item [LineId:]: int, 1;
	context item [LineValue:]: string, line 1;
		where: /home/senior/Documents/GitHub/wow/tests/go/cmd/client/main.go, line: 94;
2025-01-26T19:27:17Z ::: action;
	context item [response:]: proto.Response, {Type:on_action Hash:{Version:1 Date:1737919637 Resource: Zeros:1 Rand: Counter:0} LineId:0 Result:};
		where: /home/senior/Documents/GitHub/wow/tests/go/cmd/client/main.go, line: 74;
2025-01-26T19:27:17Z ::: execution;
	context item [LineId:]: int, 2;
	context item [LineValue:]: string, line 2;
		where: /home/senior/Documents/GitHub/wow/tests/go/cmd/client/main.go, line: 94;
2025-01-26T19:27:27Z ::: action;
	context item [response:]: proto.Response, {Type:on_action Hash:{Version:1 Date:1737919647 Resource: Zeros:1 Rand: Counter:0} LineId:0 Result:};
		where: /home/senior/Documents/GitHub/wow/tests/go/cmd/client/main.go, line: 74;
2025-01-26T19:27:27Z ::: execution;
	context item [LineId:]: int, 3;
	context item [LineValue:]: string, line 3;
		where: /home/senior/Documents/GitHub/wow/tests/go/cmd/client/main.go, line: 94;
2025-01-26T19:27:37Z ::: action;
	context item [response:]: proto.Response, {Type:on_action Hash:{Version:1 Date:1737919657 Resource: Zeros:1 Rand: Counter:0} LineId:0 Result:};
		where: /home/senior/Documents/GitHub/wow/tests/go/cmd/client/main.go, line: 74;
2025-01-26T19:27:37Z ::: execution;
	context item [LineValue:]: string, line 4;
	context item [LineId:]: int, 4;
		where: /home/senior/Documents/GitHub/wow/tests/go/cmd/client/main.go, line: 94;
2025-01-26T19:27:47Z ::: action;
	context item [response:]: proto.Response, {Type:on_action Hash:{Version:1 Date:1737919667 Resource: Zeros:1 Rand: Counter:0} LineId:0 Result:};
		where: /home/senior/Documents/GitHub/wow/tests/go/cmd/client/main.go, line: 74;
2025-01-26T19:27:47Z ::: execution;
	context item [LineId:]: int, 5;
	context item [LineValue:]: string, line 5;
		where: /home/senior/Documents/GitHub/wow/tests/go/cmd/client/main.go, line: 94;
2025-01-26T19:27:57Z ::: action;
	context item [response:]: proto.Response, {Type:on_action Hash:{Version:1 Date:1737919677 Resource: Zeros:1 Rand: Counter:0} LineId:0 Result:};
		where: /home/senior/Documents/GitHub/wow/tests/go/cmd/client/main.go, line: 74;
2025-01-26T19:27:57Z ::: execution;
	context item [LineId:]: int, 6;
	context item [LineValue:]: string, line 6;
		where: /home/senior/Documents/GitHub/wow/tests/go/cmd/client/main.go, line: 94;
2025-01-26T19:28:07Z ::: action;
	context item [response:]: proto.Response, {Type:on_action Hash:{Version:1 Date:1737919687 Resource: Zeros:1 Rand: Counter:0} LineId:0 Result:};
		where: /home/senior/Documents/GitHub/wow/tests/go/cmd/client/main.go, line: 74;
2025-01-26T19:28:07Z ::: execution;
	context item [LineId:]: int, 7;
	context item [LineValue:]: string, line 7;
		where: /home/senior/Documents/GitHub/wow/tests/go/cmd/client/main.go, line: 94;
2025-01-26T19:28:17Z ::: action;
	context item [response:]: proto.Response, {Type:on_action Hash:{Version:1 Date:1737919697 Resource: Zeros:1 Rand: Counter:0} LineId:0 Result:};
		where: /home/senior/Documents/GitHub/wow/tests/go/cmd/client/main.go, line: 74;
2025-01-26T19:28:17Z ::: execution;
	context item [LineId:]: int, 8;
	context item [LineValue:]: string, line 8;
		where: /home/senior/Documents/GitHub/wow/tests/go/cmd/client/main.go, line: 94;
2025-01-26T19:28:27Z ::: action;
	context item [response:]: proto.Response, {Type:on_action Hash:{Version:1 Date:1737919707 Resource: Zeros:1 Rand: Counter:0} LineId:0 Result:};
		where: /home/senior/Documents/GitHub/wow/tests/go/cmd/client/main.go, line: 74;
2025-01-26T19:28:27Z ::: execution;
	context item [LineId:]: int, 9;
	context item [LineValue:]: string, line 9;
		where: /home/senior/Documents/GitHub/wow/tests/go/cmd/client/main.go, line: 94;
2025-01-26T19:28:37Z ::: action;
	context item [response:]: proto.Response, {Type:on_action Hash:{Version:1 Date:1737919717 Resource: Zeros:1 Rand: Counter:0} LineId:0 Result:};
		where: /home/senior/Documents/GitHub/wow/tests/go/cmd/client/main.go, line: 74;
2025-01-26T19:28:37Z ::: execution;
	context item [LineId:]: int, 10;
	context item [LineValue:]: string, ;
		where: /home/senior/Documents/GitHub/wow/tests/go/cmd/client/main.go, line: 94;
2025-01-26T19:28:47Z ::: action;
	context item [response:]: proto.Response, {Type:on_action Hash:{Version:1 Date:1737919727 Resource: Zeros:1 Rand: Counter:0} LineId:0 Result:};
		where: /home/senior/Documents/GitHub/wow/tests/go/cmd/client/main.go, line: 74;
2025-01-26T19:28:47Z ::: execution;
	context item [LineId:]: int, 11;
	context item [LineValue:]: string, ;
		where: /home/senior/Documents/GitHub/wow/tests/go/cmd/client/main.go, line: 94;
2025-01-26T19:28:57Z ::: action;
	context item [response:]: proto.Response, {Type:on_action Hash:{Version:1 Date:1737919737 Resource: Zeros:1 Rand: Counter:0} LineId:0 Result:};
		where: /home/senior/Documents/GitHub/wow/tests/go/cmd/client/main.go, line: 74;
2025-01-26T19:28:57Z ::: execution;
	context item [LineId:]: int, 12;
	context item [LineValue:]: string, ;
		where: /home/senior/Documents/GitHub/wow/tests/go/cmd/client/main.go, line: 94;
2025-01-26T19:29:07Z ::: action;
	context item [response:]: proto.Response, {Type:on_action Hash:{Version:1 Date:1737919747 Resource: Zeros:1 Rand: Counter:0} LineId:0 Result:};
		where: /home/senior/Documents/GitHub/wow/tests/go/cmd/client/main.go, line: 74;
2025-01-26T19:29:07Z ::: execution;
	context item [LineId:]: int, 13;
	context item [LineValue:]: string, ;
		where: /home/senior/Documents/GitHub/wow/tests/go/cmd/client/main.go, line: 94;
2025-01-26T19:29:17Z ::: action;
	context item [response:]: proto.Response, {Type:on_action Hash:{Version:1 Date:1737919757 Resource: Zeros:1 Rand: Counter:0} LineId:0 Result:};
		where: /home/senior/Documents/GitHub/wow/tests/go/cmd/client/main.go, line: 74;
2025-01-26T19:29:17Z ::: execution;
	context item [LineValue:]: string, ;
	context item [LineId:]: int, 14;
		where: /home/senior/Documents/GitHub/wow/tests/go/cmd/client/main.go, line: 94;
2025-01-26T19:29:27Z ::: action;
	context item [response:]: proto.Response, {Type:on_action Hash:{Version:1 Date:1737919767 Resource: Zeros:1 Rand: Counter:0} LineId:0 Result:};
		where: /home/senior/Documents/GitHub/wow/tests/go/cmd/client/main.go, line: 74;
2025-01-26T19:29:27Z ::: execution;
	context item [LineId:]: int, 15;
	context item [LineValue:]: string, ;
		where: /home/senior/Documents/GitHub/wow/tests/go/cmd/client/main.go, line: 94;
2025-01-26T19:29:37Z ::: action;
	context item [response:]: proto.Response, {Type:on_action Hash:{Version:1 Date:1737919777 Resource: Zeros:1 Rand: Counter:0} LineId:0 Result:};
		where: /home/senior/Documents/GitHub/wow/tests/go/cmd/client/main.go, line: 74;
2025-01-26T19:29:37Z ::: execution;
	context item [LineId:]: int, 16;
	context item [LineValue:]: string, ;
		where: /home/senior/Documents/GitHub/wow/tests/go/cmd/client/main.go, line: 94;
2025-01-26T19:29:47Z ::: action;
	context item [response:]: proto.Response, {Type:on_action Hash:{Version:1 Date:1737919787 Resource: Zeros:1 Rand: Counter:0} LineId:0 Result:};
		where: /home/senior/Documents/GitHub/wow/tests/go/cmd/client/main.go, line: 74;
2025-01-26T19:29:47Z ::: execution;
	context item [LineValue:]: string, ;
	context item [LineId:]: int, 17;
		where: /home/senior/Documents/GitHub/wow/tests/go/cmd/client/main.go, line: 94;
2025-01-26T19:29:57Z ::: action;
	context item [response:]: proto.Response, {Type:on_action Hash:{Version:1 Date:1737919797 Resource: Zeros:1 Rand: Counter:0} LineId:0 Result:};
		where: /home/senior/Documents/GitHub/wow/tests/go/cmd/client/main.go, line: 74;
2025-01-26T19:29:57Z ::: execution;
	context item [LineId:]: int, 18;
	context item [LineValue:]: string, ;
		where: /home/senior/Documents/GitHub/wow/tests/go/cmd/client/main.go, line: 94;
2025-01-26T19:30:07Z ::: action;
	context item [response:]: proto.Response, {Type:on_action Hash:{Version:1 Date:1737919807 Resource: Zeros:1 Rand: Counter:0} LineId:0 Result:};
		where: /home/senior/Documents/GitHub/wow/tests/go/cmd/client/main.go, line: 74;
2025-01-26T19:30:07Z ::: execution;
	context item [LineValue:]: string, ;
	context item [LineId:]: int, 19;
		where: /home/senior/Documents/GitHub/wow/tests/go/cmd/client/main.go, line: 94;
2025-01-26T19:30:17Z ::: action;
	context item [response:]: proto.Response, {Type:on_action Hash:{Version:1 Date:1737919817 Resource: Zeros:1 Rand: Counter:0} LineId:0 Result:};
		where: /home/senior/Documents/GitHub/wow/tests/go/cmd/client/main.go, line: 74;
2025-01-26T19:30:17Z ::: execution;
	context item [LineId:]: int, 0;
	context item [LineValue:]: string, ;
		where: /home/senior/Documents/GitHub/wow/tests/go/cmd/client/main.go, line: 94;
2025-01-26T19:30:27Z ::: action;
	context item [response:]: proto.Response, {Type:on_action Hash:{Version:1 Date:1737919827 Resource: Zeros:1 Rand: Counter:0} LineId:0 Result:};
		where: /home/senior/Documents/GitHub/wow/tests/go/cmd/client/main.go, line: 74;
2025-01-26T19:30:27Z ::: execution;
	context item [LineId:]: int, 1;
	context item [LineValue:]: string, line 1;
		where: /home/senior/Documents/GitHub/wow/tests/go/cmd/client/main.go, line: 94;
2025-01-26T19:30:37Z ::: action;
	context item [response:]: proto.Response, {Type:on_action Hash:{Version:1 Date:1737919837 Resource: Zeros:1 Rand: Counter:0} LineId:0 Result:};
		where: /home/senior/Documents/GitHub/wow/tests/go/cmd/client/main.go, line: 74;
2025-01-26T19:30:37Z ::: execution;
	context item [LineId:]: int, 2;
	context item [LineValue:]: string, line 2;
		where: /home/senior/Documents/GitHub/wow/tests/go/cmd/client/main.go, line: 94;
2025-01-26T19:30:47Z ::: action;
	context item [response:]: proto.Response, {Type:on_action Hash:{Version:1 Date:1737919847 Resource: Zeros:1 Rand: Counter:0} LineId:0 Result:};
		where: /home/senior/Documents/GitHub/wow/tests/go/cmd/client/main.go, line: 74;
2025-01-26T19:30:47Z ::: execution;
	context item [LineId:]: int, 3;
	context item [LineValue:]: string, line 3;
		where: /home/senior/Documents/GitHub/wow/tests/go/cmd/client/main.go, line: 94;
2025-01-26T19:30:57Z ::: action;
	context item [response:]: proto.Response, {Type:on_action Hash:{Version:1 Date:1737919857 Resource: Zeros:1 Rand: Counter:0} LineId:0 Result:};
		where: /home/senior/Documents/GitHub/wow/tests/go/cmd/client/main.go, line: 74;
2025-01-26T19:30:57Z ::: execution;
	context item [LineId:]: int, 4;
	context item [LineValue:]: string, line 4;
		where: /home/senior/Documents/GitHub/wow/tests/go/cmd/client/main.go, line: 94;
2025-01-26T19:31:07Z ::: action;
	context item [response:]: proto.Response, {Type:on_action Hash:{Version:1 Date:1737919867 Resource: Zeros:1 Rand: Counter:0} LineId:0 Result:};
		where: /home/senior/Documents/GitHub/wow/tests/go/cmd/client/main.go, line: 74;
2025-01-26T19:31:07Z ::: execution;
	context item [LineValue:]: string, line 5;
	context item [LineId:]: int, 5;
		where: /home/senior/Documents/GitHub/wow/tests/go/cmd/client/main.go, line: 94;
2025-01-26T19:31:17Z ::: action;
	context item [response:]: proto.Response, {Type:on_action Hash:{Version:1 Date:1737919877 Resource: Zeros:1 Rand: Counter:0} LineId:0 Result:};
		where: /home/senior/Documents/GitHub/wow/tests/go/cmd/client/main.go, line: 74;
2025-01-26T19:31:17Z ::: execution;
	context item [LineId:]: int, 6;
	context item [LineValue:]: string, line 6;
		where: /home/senior/Documents/GitHub/wow/tests/go/cmd/client/main.go, line: 94;
2025-01-26T19:31:27Z ::: action;
	context item [response:]: proto.Response, {Type:on_action Hash:{Version:1 Date:1737919887 Resource: Zeros:1 Rand: Counter:0} LineId:0 Result:};
		where: /home/senior/Documents/GitHub/wow/tests/go/cmd/client/main.go, line: 74;
2025-01-26T19:31:27Z ::: execution;
	context item [LineId:]: int, 7;
	context item [LineValue:]: string, line 7;
		where: /home/senior/Documents/GitHub/wow/tests/go/cmd/client/main.go, line: 94;
2025-01-26T19:31:37Z ::: action;
	context item [response:]: proto.Response, {Type:on_action Hash:{Version:1 Date:1737919897 Resource: Zeros:1 Rand: Counter:0} LineId:0 Result:};
		where: /home/senior/Documents/GitHub/wow/tests/go/cmd/client/main.go, line: 74;
2025-01-26T19:31:37Z ::: execution;
	context item [LineId:]: int, 8;
	context item [LineValue:]: string, line 8;
		where: /home/senior/Documents/GitHub/wow/tests/go/cmd/client/main.go, line: 94;
2025-01-26T19:31:48Z ::: action;
	context item [response:]: proto.Response, {Type:on_action Hash:{Version:1 Date:1737919908 Resource: Zeros:1 Rand: Counter:0} LineId:0 Result:};
		where: /home/senior/Documents/GitHub/wow/tests/go/cmd/client/main.go, line: 74;
2025-01-26T19:31:48Z ::: execution;
	context item [LineId:]: int, 9;
	context item [LineValue:]: string, line 9;
		where: /home/senior/Documents/GitHub/wow/tests/go/cmd/client/main.go, line: 94;
2025-01-26T19:31:58Z ::: action;
	context item [response:]: proto.Response, {Type:on_action Hash:{Version:1 Date:1737919918 Resource: Zeros:1 Rand: Counter:0} LineId:0 Result:};
		where: /home/senior/Documents/GitHub/wow/tests/go/cmd/client/main.go, line: 74;
2025-01-26T19:31:58Z ::: execution;
	context item [LineValue:]: string, ;
	context item [LineId:]: int, 10;
		where: /home/senior/Documents/GitHub/wow/tests/go/cmd/client/main.go, line: 94;
2025-01-26T19:32:08Z ::: action;
	context item [response:]: proto.Response, {Type:on_action Hash:{Version:1 Date:1737919928 Resource: Zeros:1 Rand: Counter:0} LineId:0 Result:};
		where: /home/senior/Documents/GitHub/wow/tests/go/cmd/client/main.go, line: 74;
2025-01-26T19:32:08Z ::: execution;
	context item [LineId:]: int, 11;
	context item [LineValue:]: string, ;
		where: /home/senior/Documents/GitHub/wow/tests/go/cmd/client/main.go, line: 94;
2025-01-26T19:32:18Z ::: action;
	context item [response:]: proto.Response, {Type:on_action Hash:{Version:1 Date:1737919938 Resource: Zeros:1 Rand: Counter:0} LineId:0 Result:};
		where: /home/senior/Documents/GitHub/wow/tests/go/cmd/client/main.go, line: 74;
2025-01-26T19:32:18Z ::: execution;
	context item [LineId:]: int, 12;
	context item [LineValue:]: string, ;
		where: /home/senior/Documents/GitHub/wow/tests/go/cmd/client/main.go, line: 94;
2025-01-26T19:32:28Z ::: action;
	context item [response:]: proto.Response, {Type:on_action Hash:{Version:1 Date:1737919948 Resource: Zeros:1 Rand: Counter:0} LineId:0 Result:};
		where: /home/senior/Documents/GitHub/wow/tests/go/cmd/client/main.go, line: 74;
2025-01-26T19:32:28Z ::: execution;
	context item [LineId:]: int, 13;
	context item [LineValue:]: string, ;
		where: /home/senior/Documents/GitHub/wow/tests/go/cmd/client/main.go, line: 94;
2025-01-26T19:32:38Z ::: action;
	context item [response:]: proto.Response, {Type:on_action Hash:{Version:1 Date:1737919958 Resource: Zeros:1 Rand: Counter:0} LineId:0 Result:};
		where: /home/senior/Documents/GitHub/wow/tests/go/cmd/client/main.go, line: 74;
2025-01-26T19:32:38Z ::: execution;
	context item [LineId:]: int, 14;
	context item [LineValue:]: string, ;
		where: /home/senior/Documents/GitHub/wow/tests/go/cmd/client/main.go, line: 94;
2025-01-26T19:32:48Z ::: action;
	context item [response:]: proto.Response, {Type:on_action Hash:{Version:1 Date:1737919968 Resource: Zeros:1 Rand: Counter:0} LineId:0 Result:};
		where: /home/senior/Documents/GitHub/wow/tests/go/cmd/client/main.go, line: 74;
2025-01-26T19:32:48Z ::: execution;
	context item [LineValue:]: string, ;
	context item [LineId:]: int, 15;
		where: /home/senior/Documents/GitHub/wow/tests/go/cmd/client/main.go, line: 94;
2025-01-26T19:32:58Z ::: action;
	context item [response:]: proto.Response, {Type:on_action Hash:{Version:1 Date:1737919978 Resource: Zeros:1 Rand: Counter:0} LineId:0 Result:};
		where: /home/senior/Documents/GitHub/wow/tests/go/cmd/client/main.go, line: 74;
2025-01-26T19:32:58Z ::: execution;
	context item [LineId:]: int, 16;
	context item [LineValue:]: string, ;
		where: /home/senior/Documents/GitHub/wow/tests/go/cmd/client/main.go, line: 94;
2025-01-26T19:33:08Z ::: action;
	context item [response:]: proto.Response, {Type:on_action Hash:{Version:1 Date:1737919988 Resource: Zeros:1 Rand: Counter:0} LineId:0 Result:};
		where: /home/senior/Documents/GitHub/wow/tests/go/cmd/client/main.go, line: 74;
2025-01-26T19:33:08Z ::: execution;
	context item [LineId:]: int, 17;
	context item [LineValue:]: string, ;
		where: /home/senior/Documents/GitHub/wow/tests/go/cmd/client/main.go, line: 94;
2025-01-26T19:33:18Z ::: action;
	context item [response:]: proto.Response, {Type:on_action Hash:{Version:1 Date:1737919998 Resource: Zeros:1 Rand: Counter:0} LineId:0 Result:};
		where: /home/senior/Documents/GitHub/wow/tests/go/cmd/client/main.go, line: 74;
2025-01-26T19:33:18Z ::: execution;
	context item [LineId:]: int, 18;
	context item [LineValue:]: string, ;
		where: /home/senior/Documents/GitHub/wow/tests/go/cmd/client/main.go, line: 94;
2025-01-26T19:33:28Z ::: action;
	context item [response:]: proto.Response, {Type:on_action Hash:{Version:1 Date:1737920008 Resource: Zeros:1 Rand: Counter:0} LineId:0 Result:};
		where: /home/senior/Documents/GitHub/wow/tests/go/cmd/client/main.go, line: 74;
2025-01-26T19:33:28Z ::: execution;
	context item [LineId:]: int, 19;
	context item [LineValue:]: string, ;
		where: /home/senior/Documents/GitHub/wow/tests/go/cmd/client/main.go, line: 94;
2025-01-26T19:33:38Z ::: action;
	context item [response:]: proto.Response, {Type:on_action Hash:{Version:1 Date:1737920018 Resource: Zeros:1 Rand: Counter:0} LineId:0 Result:};
		where: /home/senior/Documents/GitHub/wow/tests/go/cmd/client/main.go, line: 74;
2025-01-26T19:33:38Z ::: execution;
	context item [LineId:]: int, 0;
	context item [LineValue:]: string, ;
		where: /home/senior/Documents/GitHub/wow/tests/go/cmd/client/main.go, line: 94;
2025-01-26T19:33:48Z ::: action;
	context item [response:]: proto.Response, {Type:on_action Hash:{Version:1 Date:1737920028 Resource: Zeros:1 Rand: Counter:0} LineId:0 Result:};
		where: /home/senior/Documents/GitHub/wow/tests/go/cmd/client/main.go, line: 74;
2025-01-26T19:33:48Z ::: execution;
	context item [LineId:]: int, 1;
	context item [LineValue:]: string, line 1;
		where: /home/senior/Documents/GitHub/wow/tests/go/cmd/client/main.go, line: 94;
2025-01-26T19:33:58Z ::: action;
	context item [response:]: proto.Response, {Type:on_action Hash:{Version:1 Date:1737920038 Resource: Zeros:1 Rand: Counter:0} LineId:0 Result:};
		where: /home/senior/Documents/GitHub/wow/tests/go/cmd/client/main.go, line: 74;
2025-01-26T19:33:58Z ::: execution;
	context item [LineId:]: int, 2;
	context item [LineValue:]: string, line 2;
		where: /home/senior/Documents/GitHub/wow/tests/go/cmd/client/main.go, line: 94;
2025-01-26T19:34:08Z ::: action;
	context item [response:]: proto.Response, {Type:on_action Hash:{Version:1 Date:1737920048 Resource: Zeros:1 Rand: Counter:0} LineId:0 Result:};
		where: /home/senior/Documents/GitHub/wow/tests/go/cmd/client/main.go, line: 74;
2025-01-26T19:34:08Z ::: execution;
	context item [LineId:]: int, 3;
	context item [LineValue:]: string, line 3;
		where: /home/senior/Documents/GitHub/wow/tests/go/cmd/client/main.go, line: 94;
2025-01-26T19:34:18Z ::: action;
	context item [response:]: proto.Response, {Type:on_action Hash:{Version:1 Date:1737920058 Resource: Zeros:1 Rand: Counter:0} LineId:0 Result:};
		where: /home/senior/Documents/GitHub/wow/tests/go/cmd/client/main.go, line: 74;
2025-01-26T19:34:18Z ::: execution;
	context item [LineId:]: int, 4;
	context item [LineValue:]: string, line 4;
		where: /home/senior/Documents/GitHub/wow/tests/go/cmd/client/main.go, line: 94;
2025-01-26T19:34:28Z ::: action;
	context item [response:]: proto.Response, {Type:on_action Hash:{Version:1 Date:1737920068 Resource: Zeros:1 Rand: Counter:0} LineId:0 Result:};
		where: /home/senior/Documents/GitHub/wow/tests/go/cmd/client/main.go, line: 74;
2025-01-26T19:34:28Z ::: execution;
	context item [LineId:]: int, 5;
	context item [LineValue:]: string, line 5;
		where: /home/senior/Documents/GitHub/wow/tests/go/cmd/client/main.go, line: 94;
2025-01-26T19:34:38Z ::: action;
	context item [response:]: proto.Response, {Type:on_action Hash:{Version:1 Date:1737920078 Resource: Zeros:1 Rand: Counter:0} LineId:0 Result:};
		where: /home/senior/Documents/GitHub/wow/tests/go/cmd/client/main.go, line: 74;
2025-01-26T19:34:38Z ::: execution;
	context item [LineId:]: int, 6;
	context item [LineValue:]: string, line 6;
		where: /home/senior/Documents/GitHub/wow/tests/go/cmd/client/main.go, line: 94;
2025-01-26T19:34:48Z ::: action;
	context item [response:]: proto.Response, {Type:on_action Hash:{Version:1 Date:1737920088 Resource: Zeros:1 Rand: Counter:0} LineId:0 Result:};
		where: /home/senior/Documents/GitHub/wow/tests/go/cmd/client/main.go, line: 74;
2025-01-26T19:34:48Z ::: execution;
	context item [LineId:]: int, 7;
	context item [LineValue:]: string, line 7;
		where: /home/senior/Documents/GitHub/wow/tests/go/cmd/client/main.go, line: 94;
2025-01-26T19:34:58Z ::: action;
	context item [response:]: proto.Response, {Type:on_action Hash:{Version:1 Date:1737920098 Resource: Zeros:1 Rand: Counter:0} LineId:0 Result:};
		where: /home/senior/Documents/GitHub/wow/tests/go/cmd/client/main.go, line: 74;
2025-01-26T19:34:58Z ::: execution;
	context item [LineId:]: int, 8;
	context item [LineValue:]: string, line 8;
		where: /home/senior/Documents/GitHub/wow/tests/go/cmd/client/main.go, line: 94;
2025-01-26T19:35:08Z ::: action;
	context item [response:]: proto.Response, {Type:on_action Hash:{Version:1 Date:1737920108 Resource: Zeros:1 Rand: Counter:0} LineId:0 Result:};
		where: /home/senior/Documents/GitHub/wow/tests/go/cmd/client/main.go, line: 74;
2025-01-26T19:35:08Z ::: execution;
	context item [LineId:]: int, 9;
	context item [LineValue:]: string, line 9;
		where: /home/senior/Documents/GitHub/wow/tests/go/cmd/client/main.go, line: 94;
2025-01-26T19:35:18Z ::: action;
	context item [response:]: proto.Response, {Type:on_action Hash:{Version:1 Date:1737920118 Resource: Zeros:1 Rand: Counter:0} LineId:0 Result:};
		where: /home/senior/Documents/GitHub/wow/tests/go/cmd/client/main.go, line: 74;
2025-01-26T19:35:18Z ::: execution;
	context item [LineId:]: int, 10;
	context item [LineValue:]: string, ;
		where: /home/senior/Documents/GitHub/wow/tests/go/cmd/client/main.go, line: 94;
2025-01-26T19:35:28Z ::: action;
	context item [response:]: proto.Response, {Type:on_action Hash:{Version:1 Date:1737920128 Resource: Zeros:1 Rand: Counter:0} LineId:0 Result:};
		where: /home/senior/Documents/GitHub/wow/tests/go/cmd/client/main.go, line: 74;
2025-01-26T19:35:28Z ::: execution;
	context item [LineId:]: int, 11;
	context item [LineValue:]: string, ;
		where: /home/senior/Documents/GitHub/wow/tests/go/cmd/client/main.go, line: 94;
2025-01-26T19:35:38Z ::: action;
	context item [response:]: proto.Response, {Type:on_action Hash:{Version:1 Date:1737920138 Resource: Zeros:1 Rand: Counter:0} LineId:0 Result:};
		where: /home/senior/Documents/GitHub/wow/tests/go/cmd/client/main.go, line: 74;
2025-01-26T19:35:38Z ::: execution;
	context item [LineId:]: int, 12;
	context item [LineValue:]: string, ;
		where: /home/senior/Documents/GitHub/wow/tests/go/cmd/client/main.go, line: 94;
2025-01-26T19:35:48Z ::: action;
	context item [response:]: proto.Response, {Type:on_action Hash:{Version:1 Date:1737920148 Resource: Zeros:1 Rand: Counter:0} LineId:0 Result:};
		where: /home/senior/Documents/GitHub/wow/tests/go/cmd/client/main.go, line: 74;
2025-01-26T19:35:48Z ::: execution;
	context item [LineId:]: int, 13;
	context item [LineValue:]: string, ;
		where: /home/senior/Documents/GitHub/wow/tests/go/cmd/client/main.go, line: 94;
2025-01-26T19:35:58Z ::: action;
	context item [response:]: proto.Response, {Type:on_action Hash:{Version:1 Date:1737920158 Resource: Zeros:1 Rand: Counter:0} LineId:0 Result:};
		where: /home/senior/Documents/GitHub/wow/tests/go/cmd/client/main.go, line: 74;
2025-01-26T19:35:58Z ::: execution;
	context item [LineId:]: int, 14;
	context item [LineValue:]: string, ;
		where: /home/senior/Documents/GitHub/wow/tests/go/cmd/client/main.go, line: 94;
2025-01-26T19:36:08Z ::: action;
	context item [response:]: proto.Response, {Type:on_action Hash:{Version:1 Date:1737920168 Resource: Zeros:1 Rand: Counter:0} LineId:0 Result:};
		where: /home/senior/Documents/GitHub/wow/tests/go/cmd/client/main.go, line: 74;
2025-01-26T19:36:08Z ::: execution;
	context item [LineId:]: int, 15;
	context item [LineValue:]: string, ;
		where: /home/senior/Documents/GitHub/wow/tests/go/cmd/client/main.go, line: 94;
2025-01-26T19:36:18Z ::: action;
	context item [response:]: proto.Response, {Type:on_action Hash:{Version:1 Date:1737920178 Resource: Zeros:1 Rand: Counter:0} LineId:0 Result:};
		where: /home/senior/Documents/GitHub/wow/tests/go/cmd/client/main.go, line: 74;
2025-01-26T19:36:18Z ::: execution;
	context item [LineId:]: int, 16;
	context item [LineValue:]: string, ;
		where: /home/senior/Documents/GitHub/wow/tests/go/cmd/client/main.go, line: 94;
2025-01-26T19:36:28Z ::: action;
	context item [response:]: proto.Response, {Type:on_action Hash:{Version:1 Date:1737920188 Resource: Zeros:1 Rand: Counter:0} LineId:0 Result:};
		where: /home/senior/Documents/GitHub/wow/tests/go/cmd/client/main.go, line: 74;
2025-01-26T19:36:28Z ::: execution;
	context item [LineId:]: int, 17;
	context item [LineValue:]: string, ;
		where: /home/senior/Documents/GitHub/wow/tests/go/cmd/client/main.go, line: 94;
2025-01-26T19:36:38Z ::: action;
	context item [response:]: proto.Response, {Type:on_action Hash:{Version:1 Date:1737920198 Resource: Zeros:1 Rand: Counter:0} LineId:0 Result:};
		where: /home/senior/Documents/GitHub/wow/tests/go/cmd/client/main.go, line: 74;
2025-01-26T19:36:38Z ::: execution;
	context item [LineId:]: int, 18;
	context item [LineValue:]: string, ;
		where: /home/senior/Documents/GitHub/wow/tests/go/cmd/client/main.go, line: 94;
2025-01-26T19:36:48Z ::: action;
	context item [response:]: proto.Response, {Type:on_action Hash:{Version:1 Date:1737920208 Resource: Zeros:1 Rand: Counter:0} LineId:0 Result:};
		where: /home/senior/Documents/GitHub/wow/tests/go/cmd/client/main.go, line: 74;
2025-01-26T19:36:48Z ::: execution;
	context item [LineId:]: int, 19;
	context item [LineValue:]: string, ;
		where: /home/senior/Documents/GitHub/wow/tests/go/cmd/client/main.go, line: 94;
2025-01-26T19:36:58Z ::: action;
	context item [response:]: proto.Response, {Type:on_action Hash:{Version:1 Date:1737920218 Resource: Zeros:1 Rand: Counter:0} LineId:0 Result:};
		where: /home/senior/Documents/GitHub/wow/tests/go/cmd/client/main.go, line: 74;
2025-01-26T19:36:58Z ::: execution;
	context item [LineId:]: int, 0;
	context item [LineValue:]: string, ;
		where: /home/senior/Documents/GitHub/wow/tests/go/cmd/client/main.go, line: 94;
2025-01-26T19:37:08Z ::: action;
	context item [response:]: proto.Response, {Type:on_action Hash:{Version:1 Date:1737920228 Resource: Zeros:1 Rand: Counter:0} LineId:0 Result:};
		where: /home/senior/Documents/GitHub/wow/tests/go/cmd/client/main.go, line: 74;
2025-01-26T19:37:08Z ::: execution;
	context item [LineId:]: int, 1;
	context item [LineValue:]: string, line 1;
		where: /home/senior/Documents/GitHub/wow/tests/go/cmd/client/main.go, line: 94;
2025-01-26T19:37:18Z ::: action;
	context item [response:]: proto.Response, {Type:on_action Hash:{Version:1 Date:1737920238 Resource: Zeros:1 Rand: Counter:0} LineId:0 Result:};
		where: /home/senior/Documents/GitHub/wow/tests/go/cmd/client/main.go, line: 74;
2025-01-26T19:37:18Z ::: execution;
	context item [LineId:]: int, 2;
	context item [LineValue:]: string, line 2;
		where: /home/senior/Documents/GitHub/wow/tests/go/cmd/client/main.go, line: 94;
2025-01-26T19:37:28Z ::: action;
	context item [response:]: proto.Response, {Type:on_action Hash:{Version:1 Date:1737920248 Resource: Zeros:1 Rand: Counter:0} LineId:0 Result:};
		where: /home/senior/Documents/GitHub/wow/tests/go/cmd/client/main.go, line: 74;
2025-01-26T19:37:28Z ::: execution;
	context item [LineId:]: int, 3;
	context item [LineValue:]: string, line 3;
		where: /home/senior/Documents/GitHub/wow/tests/go/cmd/client/main.go, line: 94;
2025-01-26T19:37:38Z ::: action;
	context item [response:]: proto.Response, {Type:on_action Hash:{Version:1 Date:1737920258 Resource: Zeros:1 Rand: Counter:0} LineId:0 Result:};
		where: /home/senior/Documents/GitHub/wow/tests/go/cmd/client/main.go, line: 74;
2025-01-26T19:37:38Z ::: execution;
	context item [LineValue:]: string, line 4;
	context item [LineId:]: int, 4;
		where: /home/senior/Documents/GitHub/wow/tests/go/cmd/client/main.go, line: 94;
2025-01-26T19:37:48Z ::: action;
	context item [response:]: proto.Response, {Type:on_action Hash:{Version:1 Date:1737920268 Resource: Zeros:1 Rand: Counter:0} LineId:0 Result:};
		where: /home/senior/Documents/GitHub/wow/tests/go/cmd/client/main.go, line: 74;
2025-01-26T19:37:48Z ::: execution;
	context item [LineId:]: int, 5;
	context item [LineValue:]: string, line 5;
		where: /home/senior/Documents/GitHub/wow/tests/go/cmd/client/main.go, line: 94;
2025-01-26T19:37:58Z ::: action;
	context item [response:]: proto.Response, {Type:on_action Hash:{Version:1 Date:1737920278 Resource: Zeros:1 Rand: Counter:0} LineId:0 Result:};
		where: /home/senior/Documents/GitHub/wow/tests/go/cmd/client/main.go, line: 74;
2025-01-26T19:37:58Z ::: execution;
	context item [LineId:]: int, 6;
	context item [LineValue:]: string, line 6;
		where: /home/senior/Documents/GitHub/wow/tests/go/cmd/client/main.go, line: 94;
2025-01-26T19:38:08Z ::: action;
	context item [response:]: proto.Response, {Type:on_action Hash:{Version:1 Date:1737920288 Resource: Zeros:1 Rand: Counter:0} LineId:0 Result:};
		where: /home/senior/Documents/GitHub/wow/tests/go/cmd/client/main.go, line: 74;
2025-01-26T19:38:08Z ::: execution;
	context item [LineId:]: int, 7;
	context item [LineValue:]: string, line 7;
		where: /home/senior/Documents/GitHub/wow/tests/go/cmd/client/main.go, line: 94;
2025-01-26T19:38:18Z ::: action;
	context item [response:]: proto.Response, {Type:on_action Hash:{Version:1 Date:1737920298 Resource: Zeros:1 Rand: Counter:0} LineId:0 Result:};
		where: /home/senior/Documents/GitHub/wow/tests/go/cmd/client/main.go, line: 74;
2025-01-26T19:38:18Z ::: execution;
	context item [LineId:]: int, 8;
	context item [LineValue:]: string, line 8;
		where: /home/senior/Documents/GitHub/wow/tests/go/cmd/client/main.go, line: 94;
2025-01-26T19:38:28Z ::: action;
	context item [response:]: proto.Response, {Type:on_action Hash:{Version:1 Date:1737920308 Resource: Zeros:1 Rand: Counter:0} LineId:0 Result:};
		where: /home/senior/Documents/GitHub/wow/tests/go/cmd/client/main.go, line: 74;
2025-01-26T19:38:28Z ::: execution;
	context item [LineId:]: int, 9;
	context item [LineValue:]: string, line 9;
		where: /home/senior/Documents/GitHub/wow/tests/go/cmd/client/main.go, line: 94;
2025-01-26T19:38:38Z ::: action;
	context item [response:]: proto.Response, {Type:on_action Hash:{Version:1 Date:1737920318 Resource: Zeros:1 Rand: Counter:0} LineId:0 Result:};
		where: /home/senior/Documents/GitHub/wow/tests/go/cmd/client/main.go, line: 74;
2025-01-26T19:38:38Z ::: execution;
	context item [LineId:]: int, 10;
	context item [LineValue:]: string, ;
		where: /home/senior/Documents/GitHub/wow/tests/go/cmd/client/main.go, line: 94;
2025-01-26T19:38:48Z ::: action;
	context item [response:]: proto.Response, {Type:on_action Hash:{Version:1 Date:1737920328 Resource: Zeros:1 Rand: Counter:0} LineId:0 Result:};
		where: /home/senior/Documents/GitHub/wow/tests/go/cmd/client/main.go, line: 74;
2025-01-26T19:38:48Z ::: execution;
	context item [LineId:]: int, 11;
	context item [LineValue:]: string, ;
		where: /home/senior/Documents/GitHub/wow/tests/go/cmd/client/main.go, line: 94;
2025-01-26T19:38:58Z ::: action;
	context item [response:]: proto.Response, {Type:on_action Hash:{Version:1 Date:1737920338 Resource: Zeros:1 Rand: Counter:0} LineId:0 Result:};
		where: /home/senior/Documents/GitHub/wow/tests/go/cmd/client/main.go, line: 74;
2025-01-26T19:38:58Z ::: execution;
	context item [LineId:]: int, 12;
	context item [LineValue:]: string, ;
		where: /home/senior/Documents/GitHub/wow/tests/go/cmd/client/main.go, line: 94;
2025-01-26T19:39:08Z ::: action;
	context item [response:]: proto.Response, {Type:on_action Hash:{Version:1 Date:1737920348 Resource: Zeros:1 Rand: Counter:0} LineId:0 Result:};
		where: /home/senior/Documents/GitHub/wow/tests/go/cmd/client/main.go, line: 74;
2025-01-26T19:39:08Z ::: execution;
	context item [LineValue:]: string, ;
	context item [LineId:]: int, 13;
		where: /home/senior/Documents/GitHub/wow/tests/go/cmd/client/main.go, line: 94;
2025-01-26T19:39:18Z ::: action;
	context item [response:]: proto.Response, {Type:on_action Hash:{Version:1 Date:1737920358 Resource: Zeros:1 Rand: Counter:0} LineId:0 Result:};
		where: /home/senior/Documents/GitHub/wow/tests/go/cmd/client/main.go, line: 74;
2025-01-26T19:39:18Z ::: execution;
	context item [LineId:]: int, 14;
	context item [LineValue:]: string, ;
		where: /home/senior/Documents/GitHub/wow/tests/go/cmd/client/main.go, line: 94;
2025-01-26T19:39:28Z ::: action;
	context item [response:]: proto.Response, {Type:on_action Hash:{Version:1 Date:1737920368 Resource: Zeros:1 Rand: Counter:0} LineId:0 Result:};
		where: /home/senior/Documents/GitHub/wow/tests/go/cmd/client/main.go, line: 74;
2025-01-26T19:39:28Z ::: execution;
	context item [LineId:]: int, 15;
	context item [LineValue:]: string, ;
		where: /home/senior/Documents/GitHub/wow/tests/go/cmd/client/main.go, line: 94;
2025-01-26T19:39:38Z ::: action;
	context item [response:]: proto.Response, {Type:on_action Hash:{Version:1 Date:1737920378 Resource: Zeros:1 Rand: Counter:0} LineId:0 Result:};
		where: /home/senior/Documents/GitHub/wow/tests/go/cmd/client/main.go, line: 74;
2025-01-26T19:39:38Z ::: execution;
	context item [LineId:]: int, 16;
	context item [LineValue:]: string, ;
		where: /home/senior/Documents/GitHub/wow/tests/go/cmd/client/main.go, line: 94;
2025-01-26T19:39:48Z ::: action;
	context item [response:]: proto.Response, {Type:on_action Hash:{Version:1 Date:1737920388 Resource: Zeros:1 Rand: Counter:0} LineId:0 Result:};
		where: /home/senior/Documents/GitHub/wow/tests/go/cmd/client/main.go, line: 74;
2025-01-26T19:39:48Z ::: execution;
	context item [LineId:]: int, 17;
	context item [LineValue:]: string, ;
		where: /home/senior/Documents/GitHub/wow/tests/go/cmd/client/main.go, line: 94;
2025-01-26T19:39:58Z ::: action;
	context item [response:]: proto.Response, {Type:on_action Hash:{Version:1 Date:1737920398 Resource: Zeros:1 Rand: Counter:0} LineId:0 Result:};
		where: /home/senior/Documents/GitHub/wow/tests/go/cmd/client/main.go, line: 74;
2025-01-26T19:39:58Z ::: execution;
	context item [LineId:]: int, 18;
	context item [LineValue:]: string, ;
		where: /home/senior/Documents/GitHub/wow/tests/go/cmd/client/main.go, line: 94;
2025-01-26T19:40:08Z ::: action;
	context item [response:]: proto.Response, {Type:on_action Hash:{Version:1 Date:1737920408 Resource: Zeros:1 Rand: Counter:0} LineId:0 Result:};
		where: /home/senior/Documents/GitHub/wow/tests/go/cmd/client/main.go, line: 74;
2025-01-26T19:40:08Z ::: execution;
	context item [LineValue:]: string, ;
	context item [LineId:]: int, 19;
		where: /home/senior/Documents/GitHub/wow/tests/go/cmd/client/main.go, line: 94;
2025-01-26T19:40:18Z ::: action;
	context item [response:]: proto.Response, {Type:on_action Hash:{Version:1 Date:1737920418 Resource: Zeros:1 Rand: Counter:0} LineId:0 Result:};
		where: /home/senior/Documents/GitHub/wow/tests/go/cmd/client/main.go, line: 74;
2025-01-26T19:40:18Z ::: execution;
	context item [LineId:]: int, 0;
	context item [LineValue:]: string, ;
		where: /home/senior/Documents/GitHub/wow/tests/go/cmd/client/main.go, line: 94;
2025-01-26T19:40:28Z ::: action;
	context item [response:]: proto.Response, {Type:on_action Hash:{Version:1 Date:1737920428 Resource: Zeros:1 Rand: Counter:0} LineId:0 Result:};
		where: /home/senior/Documents/GitHub/wow/tests/go/cmd/client/main.go, line: 74;
2025-01-26T19:40:28Z ::: execution;
	context item [LineId:]: int, 1;
	context item [LineValue:]: string, line 1;
		where: /home/senior/Documents/GitHub/wow/tests/go/cmd/client/main.go, line: 94;
2025-01-26T19:40:38Z ::: action;
	context item [response:]: proto.Response, {Type:on_action Hash:{Version:1 Date:1737920438 Resource: Zeros:1 Rand: Counter:0} LineId:0 Result:};
		where: /home/senior/Documents/GitHub/wow/tests/go/cmd/client/main.go, line: 74;
2025-01-26T19:40:38Z ::: execution;
	context item [LineId:]: int, 2;
	context item [LineValue:]: string, line 2;
		where: /home/senior/Documents/GitHub/wow/tests/go/cmd/client/main.go, line: 94;
2025-01-26T19:40:48Z ::: action;
	context item [response:]: proto.Response, {Type:on_action Hash:{Version:1 Date:1737920448 Resource: Zeros:1 Rand: Counter:0} LineId:0 Result:};
		where: /home/senior/Documents/GitHub/wow/tests/go/cmd/client/main.go, line: 74;
2025-01-26T19:40:48Z ::: execution;
	context item [LineId:]: int, 3;
	context item [LineValue:]: string, line 3;
		where: /home/senior/Documents/GitHub/wow/tests/go/cmd/client/main.go, line: 94;
2025-01-26T19:40:58Z ::: action;
	context item [response:]: proto.Response, {Type:on_action Hash:{Version:1 Date:1737920458 Resource: Zeros:1 Rand: Counter:0} LineId:0 Result:};
		where: /home/senior/Documents/GitHub/wow/tests/go/cmd/client/main.go, line: 74;
2025-01-26T19:40:58Z ::: execution;
	context item [LineId:]: int, 4;
	context item [LineValue:]: string, line 4;
		where: /home/senior/Documents/GitHub/wow/tests/go/cmd/client/main.go, line: 94;
2025-01-26T19:41:08Z ::: action;
	context item [response:]: proto.Response, {Type:on_action Hash:{Version:1 Date:1737920468 Resource: Zeros:1 Rand: Counter:0} LineId:0 Result:};
		where: /home/senior/Documents/GitHub/wow/tests/go/cmd/client/main.go, line: 74;
2025-01-26T19:41:08Z ::: execution;
	context item [LineId:]: int, 5;
	context item [LineValue:]: string, line 5;
		where: /home/senior/Documents/GitHub/wow/tests/go/cmd/client/main.go, line: 94;
2025-01-26T19:41:18Z ::: action;
	context item [response:]: proto.Response, {Type:on_action Hash:{Version:1 Date:1737920478 Resource: Zeros:1 Rand: Counter:0} LineId:0 Result:};
		where: /home/senior/Documents/GitHub/wow/tests/go/cmd/client/main.go, line: 74;
2025-01-26T19:41:18Z ::: execution;
	context item [LineValue:]: string, line 6;
	context item [LineId:]: int, 6;
		where: /home/senior/Documents/GitHub/wow/tests/go/cmd/client/main.go, line: 94;
2025-01-26T19:41:28Z ::: action;
	context item [response:]: proto.Response, {Type:on_action Hash:{Version:1 Date:1737920488 Resource: Zeros:1 Rand: Counter:0} LineId:0 Result:};
		where: /home/senior/Documents/GitHub/wow/tests/go/cmd/client/main.go, line: 74;
2025-01-26T19:41:28Z ::: execution;
	context item [LineId:]: int, 7;
	context item [LineValue:]: string, line 7;
		where: /home/senior/Documents/GitHub/wow/tests/go/cmd/client/main.go, line: 94;
2025-01-26T19:41:38Z ::: action;
	context item [response:]: proto.Response, {Type:on_action Hash:{Version:1 Date:1737920498 Resource: Zeros:1 Rand: Counter:0} LineId:0 Result:};
		where: /home/senior/Documents/GitHub/wow/tests/go/cmd/client/main.go, line: 74;
2025-01-26T19:41:38Z ::: execution;
	context item [LineId:]: int, 8;
	context item [LineValue:]: string, line 8;
		where: /home/senior/Documents/GitHub/wow/tests/go/cmd/client/main.go, line: 94;
2025-01-26T19:41:48Z ::: action;
	context item [response:]: proto.Response, {Type:on_action Hash:{Version:1 Date:1737920508 Resource: Zeros:1 Rand: Counter:0} LineId:0 Result:};
		where: /home/senior/Documents/GitHub/wow/tests/go/cmd/client/main.go, line: 74;
2025-01-26T19:41:48Z ::: execution;
	context item [LineId:]: int, 9;
	context item [LineValue:]: string, line 9;
		where: /home/senior/Documents/GitHub/wow/tests/go/cmd/client/main.go, line: 94;
2025-01-26T19:41:58Z ::: action;
	context item [response:]: proto.Response, {Type:on_action Hash:{Version:1 Date:1737920518 Resource: Zeros:1 Rand: Counter:0} LineId:0 Result:};
		where: /home/senior/Documents/GitHub/wow/tests/go/cmd/client/main.go, line: 74;
2025-01-26T19:41:58Z ::: execution;
	context item [LineId:]: int, 10;
	context item [LineValue:]: string, ;
		where: /home/senior/Documents/GitHub/wow/tests/go/cmd/client/main.go, line: 94;
2025-01-26T19:42:08Z ::: action;
	context item [response:]: proto.Response, {Type:on_action Hash:{Version:1 Date:1737920528 Resource: Zeros:1 Rand: Counter:0} LineId:0 Result:};
		where: /home/senior/Documents/GitHub/wow/tests/go/cmd/client/main.go, line: 74;
2025-01-26T19:42:08Z ::: execution;
	context item [LineId:]: int, 11;
	context item [LineValue:]: string, ;
		where: /home/senior/Documents/GitHub/wow/tests/go/cmd/client/main.go, line: 94;
2025-01-26T19:42:18Z ::: action;
	context item [response:]: proto.Response, {Type:on_action Hash:{Version:1 Date:1737920538 Resource: Zeros:1 Rand: Counter:0} LineId:0 Result:};
		where: /home/senior/Documents/GitHub/wow/tests/go/cmd/client/main.go, line: 74;
2025-01-26T19:42:18Z ::: execution;
	context item [LineId:]: int, 12;
	context item [LineValue:]: string, ;
		where: /home/senior/Documents/GitHub/wow/tests/go/cmd/client/main.go, line: 94;
2025-01-26T19:42:28Z ::: action;
	context item [response:]: proto.Response, {Type:on_action Hash:{Version:1 Date:1737920548 Resource: Zeros:1 Rand: Counter:0} LineId:0 Result:};
		where: /home/senior/Documents/GitHub/wow/tests/go/cmd/client/main.go, line: 74;
2025-01-26T19:42:28Z ::: execution;
	context item [LineId:]: int, 13;
	context item [LineValue:]: string, ;
		where: /home/senior/Documents/GitHub/wow/tests/go/cmd/client/main.go, line: 94;
2025-01-26T19:42:38Z ::: action;
	context item [response:]: proto.Response, {Type:on_action Hash:{Version:1 Date:1737920558 Resource: Zeros:1 Rand: Counter:0} LineId:0 Result:};
		where: /home/senior/Documents/GitHub/wow/tests/go/cmd/client/main.go, line: 74;
2025-01-26T19:42:38Z ::: execution;
	context item [LineId:]: int, 14;
	context item [LineValue:]: string, ;
		where: /home/senior/Documents/GitHub/wow/tests/go/cmd/client/main.go, line: 94;
2025-01-26T19:42:48Z ::: action;
	context item [response:]: proto.Response, {Type:on_action Hash:{Version:1 Date:1737920568 Resource: Zeros:1 Rand: Counter:0} LineId:0 Result:};
		where: /home/senior/Documents/GitHub/wow/tests/go/cmd/client/main.go, line: 74;
2025-01-26T19:42:48Z ::: execution;
	context item [LineId:]: int, 15;
	context item [LineValue:]: string, ;
		where: /home/senior/Documents/GitHub/wow/tests/go/cmd/client/main.go, line: 94;
2025-01-26T19:42:58Z ::: action;
	context item [response:]: proto.Response, {Type:on_action Hash:{Version:1 Date:1737920578 Resource: Zeros:1 Rand: Counter:0} LineId:0 Result:};
		where: /home/senior/Documents/GitHub/wow/tests/go/cmd/client/main.go, line: 74;
2025-01-26T19:42:58Z ::: execution;
	context item [LineId:]: int, 16;
	context item [LineValue:]: string, ;
		where: /home/senior/Documents/GitHub/wow/tests/go/cmd/client/main.go, line: 94;
2025-01-26T19:43:08Z ::: action;
	context item [response:]: proto.Response, {Type:on_action Hash:{Version:1 Date:1737920588 Resource: Zeros:1 Rand: Counter:0} LineId:0 Result:};
		where: /home/senior/Documents/GitHub/wow/tests/go/cmd/client/main.go, line: 74;
2025-01-26T19:43:08Z ::: execution;
	context item [LineId:]: int, 17;
	context item [LineValue:]: string, ;
		where: /home/senior/Documents/GitHub/wow/tests/go/cmd/client/main.go, line: 94;
2025-01-26T19:43:18Z ::: action;
	context item [response:]: proto.Response, {Type:on_action Hash:{Version:1 Date:1737920598 Resource: Zeros:1 Rand: Counter:0} LineId:0 Result:};
		where: /home/senior/Documents/GitHub/wow/tests/go/cmd/client/main.go, line: 74;
2025-01-26T19:43:18Z ::: execution;
	context item [LineId:]: int, 18;
	context item [LineValue:]: string, ;
		where: /home/senior/Documents/GitHub/wow/tests/go/cmd/client/main.go, line: 94;
2025-01-26T19:43:28Z ::: action;
	context item [response:]: proto.Response, {Type:on_action Hash:{Version:1 Date:1737920608 Resource: Zeros:1 Rand: Counter:0} LineId:0 Result:};
		where: /home/senior/Documents/GitHub/wow/tests/go/cmd/client/main.go, line: 74;
2025-01-26T19:43:28Z ::: execution;
	context item [LineId:]: int, 19;
	context item [LineValue:]: string, ;
		where: /home/senior/Documents/GitHub/wow/tests/go/cmd/client/main.go, line: 94;
2025-01-26T19:43:38Z ::: action;
	context item [response:]: proto.Response, {Type:on_action Hash:{Version:1 Date:1737920618 Resource: Zeros:1 Rand: Counter:0} LineId:0 Result:};
		where: /home/senior/Documents/GitHub/wow/tests/go/cmd/client/main.go, line: 74;
2025-01-26T19:43:38Z ::: execution;
	context item [LineId:]: int, 0;
	context item [LineValue:]: string, ;
		where: /home/senior/Documents/GitHub/wow/tests/go/cmd/client/main.go, line: 94;
2025-01-26T19:43:48Z ::: action;
	context item [response:]: proto.Response, {Type:on_action Hash:{Version:1 Date:1737920628 Resource: Zeros:1 Rand: Counter:0} LineId:0 Result:};
		where: /home/senior/Documents/GitHub/wow/tests/go/cmd/client/main.go, line: 74;
2025-01-26T19:43:48Z ::: execution;
	context item [LineId:]: int, 1;
	context item [LineValue:]: string, line 1;
		where: /home/senior/Documents/GitHub/wow/tests/go/cmd/client/main.go, line: 94;
2025-01-26T19:43:58Z ::: action;
	context item [response:]: proto.Response, {Type:on_action Hash:{Version:1 Date:1737920638 Resource: Zeros:1 Rand: Counter:0} LineId:0 Result:};
		where: /home/senior/Documents/GitHub/wow/tests/go/cmd/client/main.go, line: 74;
2025-01-26T19:43:58Z ::: execution;
	context item [LineId:]: int, 2;
	context item [LineValue:]: string, line 2;
		where: /home/senior/Documents/GitHub/wow/tests/go/cmd/client/main.go, line: 94;
2025-01-26T19:44:08Z ::: action;
	context item [response:]: proto.Response, {Type:on_action Hash:{Version:1 Date:1737920648 Resource: Zeros:1 Rand: Counter:0} LineId:0 Result:};
		where: /home/senior/Documents/GitHub/wow/tests/go/cmd/client/main.go, line: 74;
2025-01-26T19:44:08Z ::: execution;
	context item [LineId:]: int, 3;
	context item [LineValue:]: string, line 3;
		where: /home/senior/Documents/GitHub/wow/tests/go/cmd/client/main.go, line: 94;
2025-01-26T19:44:18Z ::: action;
	context item [response:]: proto.Response, {Type:on_action Hash:{Version:1 Date:1737920658 Resource: Zeros:1 Rand: Counter:0} LineId:0 Result:};
		where: /home/senior/Documents/GitHub/wow/tests/go/cmd/client/main.go, line: 74;
2025-01-26T19:44:18Z ::: execution;
	context item [LineId:]: int, 4;
	context item [LineValue:]: string, line 4;
		where: /home/senior/Documents/GitHub/wow/tests/go/cmd/client/main.go, line: 94;
2025-01-26T19:44:28Z ::: action;
	context item [response:]: proto.Response, {Type:on_action Hash:{Version:1 Date:1737920668 Resource: Zeros:1 Rand: Counter:0} LineId:0 Result:};
		where: /home/senior/Documents/GitHub/wow/tests/go/cmd/client/main.go, line: 74;
2025-01-26T19:44:28Z ::: execution;
	context item [LineId:]: int, 5;
	context item [LineValue:]: string, line 5;
		where: /home/senior/Documents/GitHub/wow/tests/go/cmd/client/main.go, line: 94;
2025-01-26T19:44:38Z ::: action;
	context item [response:]: proto.Response, {Type:on_action Hash:{Version:1 Date:1737920678 Resource: Zeros:1 Rand: Counter:0} LineId:0 Result:};
		where: /home/senior/Documents/GitHub/wow/tests/go/cmd/client/main.go, line: 74;
2025-01-26T19:44:38Z ::: execution;
	context item [LineId:]: int, 6;
	context item [LineValue:]: string, line 6;
		where: /home/senior/Documents/GitHub/wow/tests/go/cmd/client/main.go, line: 94;
2025-01-26T19:44:48Z ::: action;
	context item [response:]: proto.Response, {Type:on_action Hash:{Version:1 Date:1737920688 Resource: Zeros:1 Rand: Counter:0} LineId:0 Result:};
		where: /home/senior/Documents/GitHub/wow/tests/go/cmd/client/main.go, line: 74;
2025-01-26T19:44:48Z ::: execution;
	context item [LineId:]: int, 7;
	context item [LineValue:]: string, line 7;
		where: /home/senior/Documents/GitHub/wow/tests/go/cmd/client/main.go, line: 94;
2025-01-26T19:44:58Z ::: action;
	context item [response:]: proto.Response, {Type:on_action Hash:{Version:1 Date:1737920698 Resource: Zeros:1 Rand: Counter:0} LineId:0 Result:};
		where: /home/senior/Documents/GitHub/wow/tests/go/cmd/client/main.go, line: 74;
2025-01-26T19:44:58Z ::: execution;
	context item [LineId:]: int, 8;
	context item [LineValue:]: string, line 8;
		where: /home/senior/Documents/GitHub/wow/tests/go/cmd/client/main.go, line: 94;
2025-01-26T19:45:08Z ::: action;
	context item [response:]: proto.Response, {Type:on_action Hash:{Version:1 Date:1737920708 Resource: Zeros:1 Rand: Counter:0} LineId:0 Result:};
		where: /home/senior/Documents/GitHub/wow/tests/go/cmd/client/main.go, line: 74;
2025-01-26T19:45:08Z ::: execution;
	context item [LineId:]: int, 9;
	context item [LineValue:]: string, line 9;
		where: /home/senior/Documents/GitHub/wow/tests/go/cmd/client/main.go, line: 94;
2025-01-26T19:45:18Z ::: action;
	context item [response:]: proto.Response, {Type:on_action Hash:{Version:1 Date:1737920718 Resource: Zeros:1 Rand: Counter:0} LineId:0 Result:};
		where: /home/senior/Documents/GitHub/wow/tests/go/cmd/client/main.go, line: 74;
2025-01-26T19:45:18Z ::: execution;
	context item [LineId:]: int, 10;
	context item [LineValue:]: string, ;
		where: /home/senior/Documents/GitHub/wow/tests/go/cmd/client/main.go, line: 94;
2025-01-26T19:45:28Z ::: action;
	context item [response:]: proto.Response, {Type:on_action Hash:{Version:1 Date:1737920728 Resource: Zeros:1 Rand: Counter:0} LineId:0 Result:};
		where: /home/senior/Documents/GitHub/wow/tests/go/cmd/client/main.go, line: 74;
2025-01-26T19:45:28Z ::: execution;
	context item [LineId:]: int, 11;
	context item [LineValue:]: string, ;
		where: /home/senior/Documents/GitHub/wow/tests/go/cmd/client/main.go, line: 94;
2025-01-26T19:45:38Z ::: action;
	context item [response:]: proto.Response, {Type:on_action Hash:{Version:1 Date:1737920738 Resource: Zeros:1 Rand: Counter:0} LineId:0 Result:};
		where: /home/senior/Documents/GitHub/wow/tests/go/cmd/client/main.go, line: 74;
2025-01-26T19:45:38Z ::: execution;
	context item [LineId:]: int, 12;
	context item [LineValue:]: string, ;
		where: /home/senior/Documents/GitHub/wow/tests/go/cmd/client/main.go, line: 94;
2025-01-26T19:45:48Z ::: action;
	context item [response:]: proto.Response, {Type:on_action Hash:{Version:1 Date:1737920748 Resource: Zeros:1 Rand: Counter:0} LineId:0 Result:};
		where: /home/senior/Documents/GitHub/wow/tests/go/cmd/client/main.go, line: 74;
2025-01-26T19:45:48Z ::: execution;
	context item [LineId:]: int, 13;
	context item [LineValue:]: string, ;
		where: /home/senior/Documents/GitHub/wow/tests/go/cmd/client/main.go, line: 94;
2025-01-26T19:45:58Z ::: action;
	context item [response:]: proto.Response, {Type:on_action Hash:{Version:1 Date:1737920758 Resource: Zeros:1 Rand: Counter:0} LineId:0 Result:};
		where: /home/senior/Documents/GitHub/wow/tests/go/cmd/client/main.go, line: 74;
2025-01-26T19:45:58Z ::: execution;
	context item [LineId:]: int, 14;
	context item [LineValue:]: string, ;
		where: /home/senior/Documents/GitHub/wow/tests/go/cmd/client/main.go, line: 94;
2025-01-26T19:46:08Z ::: action;
	context item [response:]: proto.Response, {Type:on_action Hash:{Version:1 Date:1737920768 Resource: Zeros:1 Rand: Counter:0} LineId:0 Result:};
		where: /home/senior/Documents/GitHub/wow/tests/go/cmd/client/main.go, line: 74;
2025-01-26T19:46:08Z ::: execution;
	context item [LineId:]: int, 15;
	context item [LineValue:]: string, ;
		where: /home/senior/Documents/GitHub/wow/tests/go/cmd/client/main.go, line: 94;
2025-01-26T19:46:18Z ::: action;
	context item [response:]: proto.Response, {Type:on_action Hash:{Version:1 Date:1737920778 Resource: Zeros:1 Rand: Counter:0} LineId:0 Result:};
		where: /home/senior/Documents/GitHub/wow/tests/go/cmd/client/main.go, line: 74;
2025-01-26T19:46:18Z ::: execution;
	context item [LineId:]: int, 16;
	context item [LineValue:]: string, ;
		where: /home/senior/Documents/GitHub/wow/tests/go/cmd/client/main.go, line: 94;
2025-01-26T19:46:28Z ::: action;
	context item [response:]: proto.Response, {Type:on_action Hash:{Version:1 Date:1737920788 Resource: Zeros:1 Rand: Counter:0} LineId:0 Result:};
		where: /home/senior/Documents/GitHub/wow/tests/go/cmd/client/main.go, line: 74;
2025-01-26T19:46:28Z ::: execution;
	context item [LineId:]: int, 17;
	context item [LineValue:]: string, ;
		where: /home/senior/Documents/GitHub/wow/tests/go/cmd/client/main.go, line: 94;
2025-01-26T19:46:38Z ::: action;
	context item [response:]: proto.Response, {Type:on_action Hash:{Version:1 Date:1737920798 Resource: Zeros:1 Rand: Counter:0} LineId:0 Result:};
		where: /home/senior/Documents/GitHub/wow/tests/go/cmd/client/main.go, line: 74;
2025-01-26T19:46:38Z ::: execution;
	context item [LineId:]: int, 18;
	context item [LineValue:]: string, ;
		where: /home/senior/Documents/GitHub/wow/tests/go/cmd/client/main.go, line: 94;
2025-01-26T19:46:48Z ::: action;
	context item [response:]: proto.Response, {Type:on_action Hash:{Version:1 Date:1737920808 Resource: Zeros:1 Rand: Counter:0} LineId:0 Result:};
		where: /home/senior/Documents/GitHub/wow/tests/go/cmd/client/main.go, line: 74;
2025-01-26T19:46:48Z ::: execution;
	context item [LineId:]: int, 19;
	context item [LineValue:]: string, ;
		where: /home/senior/Documents/GitHub/wow/tests/go/cmd/client/main.go, line: 94;
2025-01-26T19:46:58Z ::: action;
	context item [response:]: proto.Response, {Type:on_action Hash:{Version:1 Date:1737920818 Resource: Zeros:1 Rand: Counter:0} LineId:0 Result:};
		where: /home/senior/Documents/GitHub/wow/tests/go/cmd/client/main.go, line: 74;
2025-01-26T19:46:58Z ::: execution;
	context item [LineId:]: int, 0;
	context item [LineValue:]: string, ;
		where: /home/senior/Documents/GitHub/wow/tests/go/cmd/client/main.go, line: 94;
2025-01-26T19:47:08Z ::: action;
	context item [response:]: proto.Response, {Type:on_action Hash:{Version:1 Date:1737920828 Resource: Zeros:1 Rand: Counter:0} LineId:0 Result:};
		where: /home/senior/Documents/GitHub/wow/tests/go/cmd/client/main.go, line: 74;
2025-01-26T19:47:08Z ::: execution;
	context item [LineId:]: int, 1;
	context item [LineValue:]: string, line 1;
		where: /home/senior/Documents/GitHub/wow/tests/go/cmd/client/main.go, line: 94;
2025-01-26T19:47:18Z ::: action;
	context item [response:]: proto.Response, {Type:on_action Hash:{Version:1 Date:1737920838 Resource: Zeros:1 Rand: Counter:0} LineId:0 Result:};
		where: /home/senior/Documents/GitHub/wow/tests/go/cmd/client/main.go, line: 74;
2025-01-26T19:47:18Z ::: execution;
	context item [LineId:]: int, 2;
	context item [LineValue:]: string, line 2;
		where: /home/senior/Documents/GitHub/wow/tests/go/cmd/client/main.go, line: 94;
2025-01-26T19:47:28Z ::: action;
	context item [response:]: proto.Response, {Type:on_action Hash:{Version:1 Date:1737920848 Resource: Zeros:1 Rand: Counter:0} LineId:0 Result:};
		where: /home/senior/Documents/GitHub/wow/tests/go/cmd/client/main.go, line: 74;
2025-01-26T19:47:28Z ::: execution;
	context item [LineId:]: int, 3;
	context item [LineValue:]: string, line 3;
		where: /home/senior/Documents/GitHub/wow/tests/go/cmd/client/main.go, line: 94;
2025-01-26T19:47:38Z ::: action;
	context item [response:]: proto.Response, {Type:on_action Hash:{Version:1 Date:1737920858 Resource: Zeros:1 Rand: Counter:0} LineId:0 Result:};
		where: /home/senior/Documents/GitHub/wow/tests/go/cmd/client/main.go, line: 74;
2025-01-26T19:47:38Z ::: execution;
	context item [LineId:]: int, 4;
	context item [LineValue:]: string, line 4;
		where: /home/senior/Documents/GitHub/wow/tests/go/cmd/client/main.go, line: 94;
2025-01-26T19:47:48Z ::: action;
	context item [response:]: proto.Response, {Type:on_action Hash:{Version:1 Date:1737920868 Resource: Zeros:1 Rand: Counter:0} LineId:0 Result:};
		where: /home/senior/Documents/GitHub/wow/tests/go/cmd/client/main.go, line: 74;
2025-01-26T19:47:48Z ::: execution;
	context item [LineId:]: int, 5;
	context item [LineValue:]: string, line 5;
		where: /home/senior/Documents/GitHub/wow/tests/go/cmd/client/main.go, line: 94;
2025-01-26T19:47:58Z ::: action;
	context item [response:]: proto.Response, {Type:on_action Hash:{Version:1 Date:1737920878 Resource: Zeros:1 Rand: Counter:0} LineId:0 Result:};
		where: /home/senior/Documents/GitHub/wow/tests/go/cmd/client/main.go, line: 74;
2025-01-26T19:47:58Z ::: execution;
	context item [LineId:]: int, 6;
	context item [LineValue:]: string, line 6;
		where: /home/senior/Documents/GitHub/wow/tests/go/cmd/client/main.go, line: 94;
2025-01-26T19:48:08Z ::: action;
	context item [response:]: proto.Response, {Type:on_action Hash:{Version:1 Date:1737920888 Resource: Zeros:1 Rand: Counter:0} LineId:0 Result:};
		where: /home/senior/Documents/GitHub/wow/tests/go/cmd/client/main.go, line: 74;
2025-01-26T19:48:08Z ::: execution;
	context item [LineId:]: int, 7;
	context item [LineValue:]: string, line 7;
		where: /home/senior/Documents/GitHub/wow/tests/go/cmd/client/main.go, line: 94;
2025-01-26T19:48:18Z ::: action;
	context item [response:]: proto.Response, {Type:on_action Hash:{Version:1 Date:1737920898 Resource: Zeros:1 Rand: Counter:0} LineId:0 Result:};
		where: /home/senior/Documents/GitHub/wow/tests/go/cmd/client/main.go, line: 74;
2025-01-26T19:48:18Z ::: execution;
	context item [LineValue:]: string, line 8;
	context item [LineId:]: int, 8;
		where: /home/senior/Documents/GitHub/wow/tests/go/cmd/client/main.go, line: 94;
2025-01-26T19:48:28Z ::: action;
	context item [response:]: proto.Response, {Type:on_action Hash:{Version:1 Date:1737920908 Resource: Zeros:1 Rand: Counter:0} LineId:0 Result:};
		where: /home/senior/Documents/GitHub/wow/tests/go/cmd/client/main.go, line: 74;
2025-01-26T19:48:28Z ::: execution;
	context item [LineValue:]: string, line 9;
	context item [LineId:]: int, 9;
		where: /home/senior/Documents/GitHub/wow/tests/go/cmd/client/main.go, line: 94;
2025-01-26T19:48:38Z ::: action;
	context item [response:]: proto.Response, {Type:on_action Hash:{Version:1 Date:1737920918 Resource: Zeros:1 Rand: Counter:0} LineId:0 Result:};
		where: /home/senior/Documents/GitHub/wow/tests/go/cmd/client/main.go, line: 74;
2025-01-26T19:48:38Z ::: execution;
	context item [LineId:]: int, 10;
	context item [LineValue:]: string, ;
		where: /home/senior/Documents/GitHub/wow/tests/go/cmd/client/main.go, line: 94;
2025-01-26T19:48:48Z ::: action;
	context item [response:]: proto.Response, {Type:on_action Hash:{Version:1 Date:1737920928 Resource: Zeros:1 Rand: Counter:0} LineId:0 Result:};
		where: /home/senior/Documents/GitHub/wow/tests/go/cmd/client/main.go, line: 74;
2025-01-26T19:48:48Z ::: execution;
	context item [LineId:]: int, 11;
	context item [LineValue:]: string, ;
		where: /home/senior/Documents/GitHub/wow/tests/go/cmd/client/main.go, line: 94;
2025-01-26T19:48:58Z ::: action;
	context item [response:]: proto.Response, {Type:on_action Hash:{Version:1 Date:1737920938 Resource: Zeros:1 Rand: Counter:0} LineId:0 Result:};
		where: /home/senior/Documents/GitHub/wow/tests/go/cmd/client/main.go, line: 74;
2025-01-26T19:48:58Z ::: execution;
	context item [LineId:]: int, 12;
	context item [LineValue:]: string, ;
		where: /home/senior/Documents/GitHub/wow/tests/go/cmd/client/main.go, line: 94;
2025-01-26T19:49:08Z ::: action;
	context item [response:]: proto.Response, {Type:on_action Hash:{Version:1 Date:1737920948 Resource: Zeros:1 Rand: Counter:0} LineId:0 Result:};
		where: /home/senior/Documents/GitHub/wow/tests/go/cmd/client/main.go, line: 74;
2025-01-26T19:49:08Z ::: execution;
	context item [LineValue:]: string, ;
	context item [LineId:]: int, 13;
		where: /home/senior/Documents/GitHub/wow/tests/go/cmd/client/main.go, line: 94;
2025-01-26T19:49:18Z ::: action;
	context item [response:]: proto.Response, {Type:on_action Hash:{Version:1 Date:1737920958 Resource: Zeros:1 Rand: Counter:0} LineId:0 Result:};
		where: /home/senior/Documents/GitHub/wow/tests/go/cmd/client/main.go, line: 74;
2025-01-26T19:49:18Z ::: execution;
	context item [LineId:]: int, 14;
	context item [LineValue:]: string, ;
		where: /home/senior/Documents/GitHub/wow/tests/go/cmd/client/main.go, line: 94;
2025-01-26T19:49:28Z ::: action;
	context item [response:]: proto.Response, {Type:on_action Hash:{Version:1 Date:1737920968 Resource: Zeros:1 Rand: Counter:0} LineId:0 Result:};
		where: /home/senior/Documents/GitHub/wow/tests/go/cmd/client/main.go, line: 74;
2025-01-26T19:49:28Z ::: execution;
	context item [LineId:]: int, 15;
	context item [LineValue:]: string, ;
		where: /home/senior/Documents/GitHub/wow/tests/go/cmd/client/main.go, line: 94;
2025-01-26T19:49:38Z ::: action;
	context item [response:]: proto.Response, {Type:on_action Hash:{Version:1 Date:1737920978 Resource: Zeros:1 Rand: Counter:0} LineId:0 Result:};
		where: /home/senior/Documents/GitHub/wow/tests/go/cmd/client/main.go, line: 74;
2025-01-26T19:49:38Z ::: execution;
	context item [LineId:]: int, 16;
	context item [LineValue:]: string, ;
		where: /home/senior/Documents/GitHub/wow/tests/go/cmd/client/main.go, line: 94;
2025-01-26T19:49:48Z ::: action;
	context item [response:]: proto.Response, {Type:on_action Hash:{Version:1 Date:1737920988 Resource: Zeros:1 Rand: Counter:0} LineId:0 Result:};
		where: /home/senior/Documents/GitHub/wow/tests/go/cmd/client/main.go, line: 74;
2025-01-26T19:49:48Z ::: execution;
	context item [LineId:]: int, 17;
	context item [LineValue:]: string, ;
		where: /home/senior/Documents/GitHub/wow/tests/go/cmd/client/main.go, line: 94;
2025-01-26T19:49:58Z ::: action;
	context item [response:]: proto.Response, {Type:on_action Hash:{Version:1 Date:1737920998 Resource: Zeros:1 Rand: Counter:0} LineId:0 Result:};
		where: /home/senior/Documents/GitHub/wow/tests/go/cmd/client/main.go, line: 74;
2025-01-26T19:49:58Z ::: execution;
	context item [LineId:]: int, 18;
	context item [LineValue:]: string, ;
		where: /home/senior/Documents/GitHub/wow/tests/go/cmd/client/main.go, line: 94;
2025-01-26T19:50:08Z ::: action;
	context item [response:]: proto.Response, {Type:on_action Hash:{Version:1 Date:1737921008 Resource: Zeros:1 Rand: Counter:0} LineId:0 Result:};
		where: /home/senior/Documents/GitHub/wow/tests/go/cmd/client/main.go, line: 74;
2025-01-26T19:50:08Z ::: execution;
	context item [LineId:]: int, 19;
	context item [LineValue:]: string, ;
		where: /home/senior/Documents/GitHub/wow/tests/go/cmd/client/main.go, line: 94;
2025-01-26T19:50:18Z ::: action;
	context item [response:]: proto.Response, {Type:on_action Hash:{Version:1 Date:1737921018 Resource: Zeros:1 Rand: Counter:0} LineId:0 Result:};
		where: /home/senior/Documents/GitHub/wow/tests/go/cmd/client/main.go, line: 74;
2025-01-26T19:50:18Z ::: execution;
	context item [LineId:]: int, 0;
	context item [LineValue:]: string, ;
		where: /home/senior/Documents/GitHub/wow/tests/go/cmd/client/main.go, line: 94;
2025-01-26T19:50:29Z ::: action;
	context item [response:]: proto.Response, {Type:on_action Hash:{Version:1 Date:1737921029 Resource: Zeros:1 Rand: Counter:0} LineId:0 Result:};
		where: /home/senior/Documents/GitHub/wow/tests/go/cmd/client/main.go, line: 74;
2025-01-26T19:50:29Z ::: execution;
	context item [LineId:]: int, 1;
	context item [LineValue:]: string, line 1;
		where: /home/senior/Documents/GitHub/wow/tests/go/cmd/client/main.go, line: 94;
2025-01-26T19:50:39Z ::: action;
	context item [response:]: proto.Response, {Type:on_action Hash:{Version:1 Date:1737921039 Resource: Zeros:1 Rand: Counter:0} LineId:0 Result:};
		where: /home/senior/Documents/GitHub/wow/tests/go/cmd/client/main.go, line: 74;
2025-01-26T19:50:39Z ::: execution;
	context item [LineId:]: int, 2;
	context item [LineValue:]: string, line 2;
		where: /home/senior/Documents/GitHub/wow/tests/go/cmd/client/main.go, line: 94;
2025-01-26T19:50:49Z ::: action;
	context item [response:]: proto.Response, {Type:on_action Hash:{Version:1 Date:1737921049 Resource: Zeros:1 Rand: Counter:0} LineId:0 Result:};
		where: /home/senior/Documents/GitHub/wow/tests/go/cmd/client/main.go, line: 74;
2025-01-26T19:50:49Z ::: execution;
	context item [LineId:]: int, 3;
	context item [LineValue:]: string, line 3;
		where: /home/senior/Documents/GitHub/wow/tests/go/cmd/client/main.go, line: 94;
2025-01-26T19:50:59Z ::: action;
	context item [response:]: proto.Response, {Type:on_action Hash:{Version:1 Date:1737921059 Resource: Zeros:1 Rand: Counter:0} LineId:0 Result:};
		where: /home/senior/Documents/GitHub/wow/tests/go/cmd/client/main.go, line: 74;
2025-01-26T19:50:59Z ::: execution;
	context item [LineId:]: int, 4;
	context item [LineValue:]: string, line 4;
		where: /home/senior/Documents/GitHub/wow/tests/go/cmd/client/main.go, line: 94;
2025-01-26T19:51:09Z ::: action;
	context item [response:]: proto.Response, {Type:on_action Hash:{Version:1 Date:1737921069 Resource: Zeros:1 Rand: Counter:0} LineId:0 Result:};
		where: /home/senior/Documents/GitHub/wow/tests/go/cmd/client/main.go, line: 74;
2025-01-26T19:51:09Z ::: execution;
	context item [LineId:]: int, 5;
	context item [LineValue:]: string, line 5;
		where: /home/senior/Documents/GitHub/wow/tests/go/cmd/client/main.go, line: 94;
2025-01-26T19:51:19Z ::: action;
	context item [response:]: proto.Response, {Type:on_action Hash:{Version:1 Date:1737921079 Resource: Zeros:1 Rand: Counter:0} LineId:0 Result:};
		where: /home/senior/Documents/GitHub/wow/tests/go/cmd/client/main.go, line: 74;
2025-01-26T19:51:19Z ::: execution;
	context item [LineValue:]: string, line 6;
	context item [LineId:]: int, 6;
		where: /home/senior/Documents/GitHub/wow/tests/go/cmd/client/main.go, line: 94;
2025-01-26T19:51:29Z ::: action;
	context item [response:]: proto.Response, {Type:on_action Hash:{Version:1 Date:1737921089 Resource: Zeros:1 Rand: Counter:0} LineId:0 Result:};
		where: /home/senior/Documents/GitHub/wow/tests/go/cmd/client/main.go, line: 74;
2025-01-26T19:51:29Z ::: execution;
	context item [LineId:]: int, 7;
	context item [LineValue:]: string, line 7;
		where: /home/senior/Documents/GitHub/wow/tests/go/cmd/client/main.go, line: 94;
2025-01-26T19:51:39Z ::: action;
	context item [response:]: proto.Response, {Type:on_action Hash:{Version:1 Date:1737921099 Resource: Zeros:1 Rand: Counter:0} LineId:0 Result:};
		where: /home/senior/Documents/GitHub/wow/tests/go/cmd/client/main.go, line: 74;
2025-01-26T19:51:39Z ::: execution;
	context item [LineId:]: int, 8;
	context item [LineValue:]: string, line 8;
		where: /home/senior/Documents/GitHub/wow/tests/go/cmd/client/main.go, line: 94;
2025-01-26T19:51:49Z ::: action;
	context item [response:]: proto.Response, {Type:on_action Hash:{Version:1 Date:1737921109 Resource: Zeros:1 Rand: Counter:0} LineId:0 Result:};
		where: /home/senior/Documents/GitHub/wow/tests/go/cmd/client/main.go, line: 74;
2025-01-26T19:51:49Z ::: execution;
	context item [LineValue:]: string, line 9;
	context item [LineId:]: int, 9;
		where: /home/senior/Documents/GitHub/wow/tests/go/cmd/client/main.go, line: 94;
2025-01-26T19:51:59Z ::: action;
	context item [response:]: proto.Response, {Type:on_action Hash:{Version:1 Date:1737921119 Resource: Zeros:1 Rand: Counter:0} LineId:0 Result:};
		where: /home/senior/Documents/GitHub/wow/tests/go/cmd/client/main.go, line: 74;
2025-01-26T19:51:59Z ::: execution;
	context item [LineValue:]: string, ;
	context item [LineId:]: int, 10;
		where: /home/senior/Documents/GitHub/wow/tests/go/cmd/client/main.go, line: 94;
2025-01-26T19:52:09Z ::: action;
	context item [response:]: proto.Response, {Type:on_action Hash:{Version:1 Date:1737921129 Resource: Zeros:1 Rand: Counter:0} LineId:0 Result:};
		where: /home/senior/Documents/GitHub/wow/tests/go/cmd/client/main.go, line: 74;
2025-01-26T19:52:09Z ::: execution;
	context item [LineId:]: int, 11;
	context item [LineValue:]: string, ;
		where: /home/senior/Documents/GitHub/wow/tests/go/cmd/client/main.go, line: 94;
2025-01-26T19:52:19Z ::: action;
	context item [response:]: proto.Response, {Type:on_action Hash:{Version:1 Date:1737921139 Resource: Zeros:1 Rand: Counter:0} LineId:0 Result:};
		where: /home/senior/Documents/GitHub/wow/tests/go/cmd/client/main.go, line: 74;
2025-01-26T19:52:19Z ::: execution;
	context item [LineId:]: int, 12;
	context item [LineValue:]: string, ;
		where: /home/senior/Documents/GitHub/wow/tests/go/cmd/client/main.go, line: 94;
2025-01-26T19:52:29Z ::: action;
	context item [response:]: proto.Response, {Type:on_action Hash:{Version:1 Date:1737921149 Resource: Zeros:1 Rand: Counter:0} LineId:0 Result:};
		where: /home/senior/Documents/GitHub/wow/tests/go/cmd/client/main.go, line: 74;
2025-01-26T19:52:29Z ::: execution;
	context item [LineId:]: int, 13;
	context item [LineValue:]: string, ;
		where: /home/senior/Documents/GitHub/wow/tests/go/cmd/client/main.go, line: 94;
2025-01-26T19:52:39Z ::: action;
	context item [response:]: proto.Response, {Type:on_action Hash:{Version:1 Date:1737921159 Resource: Zeros:1 Rand: Counter:0} LineId:0 Result:};
		where: /home/senior/Documents/GitHub/wow/tests/go/cmd/client/main.go, line: 74;
2025-01-26T19:52:39Z ::: execution;
	context item [LineId:]: int, 14;
	context item [LineValue:]: string, ;
		where: /home/senior/Documents/GitHub/wow/tests/go/cmd/client/main.go, line: 94;
2025-01-26T19:52:49Z ::: action;
	context item [response:]: proto.Response, {Type:on_action Hash:{Version:1 Date:1737921169 Resource: Zeros:1 Rand: Counter:0} LineId:0 Result:};
		where: /home/senior/Documents/GitHub/wow/tests/go/cmd/client/main.go, line: 74;
2025-01-26T19:52:49Z ::: execution;
	context item [LineValue:]: string, ;
	context item [LineId:]: int, 15;
		where: /home/senior/Documents/GitHub/wow/tests/go/cmd/client/main.go, line: 94;
2025-01-26T19:52:59Z ::: action;
	context item [response:]: proto.Response, {Type:on_action Hash:{Version:1 Date:1737921179 Resource: Zeros:1 Rand: Counter:0} LineId:0 Result:};
		where: /home/senior/Documents/GitHub/wow/tests/go/cmd/client/main.go, line: 74;
2025-01-26T19:52:59Z ::: execution;
	context item [LineId:]: int, 16;
	context item [LineValue:]: string, ;
		where: /home/senior/Documents/GitHub/wow/tests/go/cmd/client/main.go, line: 94;
2025-01-26T19:53:09Z ::: action;
	context item [response:]: proto.Response, {Type:on_action Hash:{Version:1 Date:1737921189 Resource: Zeros:1 Rand: Counter:0} LineId:0 Result:};
		where: /home/senior/Documents/GitHub/wow/tests/go/cmd/client/main.go, line: 74;
2025-01-26T19:53:09Z ::: execution;
	context item [LineId:]: int, 17;
	context item [LineValue:]: string, ;
		where: /home/senior/Documents/GitHub/wow/tests/go/cmd/client/main.go, line: 94;
2025-01-26T19:53:19Z ::: action;
	context item [response:]: proto.Response, {Type:on_action Hash:{Version:1 Date:1737921199 Resource: Zeros:1 Rand: Counter:0} LineId:0 Result:};
		where: /home/senior/Documents/GitHub/wow/tests/go/cmd/client/main.go, line: 74;
2025-01-26T19:53:19Z ::: execution;
	context item [LineId:]: int, 18;
	context item [LineValue:]: string, ;
		where: /home/senior/Documents/GitHub/wow/tests/go/cmd/client/main.go, line: 94;
2025-01-26T19:53:29Z ::: action;
	context item [response:]: proto.Response, {Type:on_action Hash:{Version:1 Date:1737921209 Resource: Zeros:1 Rand: Counter:0} LineId:0 Result:};
		where: /home/senior/Documents/GitHub/wow/tests/go/cmd/client/main.go, line: 74;
2025-01-26T19:53:29Z ::: execution;
	context item [LineValue:]: string, ;
	context item [LineId:]: int, 19;
		where: /home/senior/Documents/GitHub/wow/tests/go/cmd/client/main.go, line: 94;
2025-01-26T19:53:39Z ::: action;
	context item [response:]: proto.Response, {Type:on_action Hash:{Version:1 Date:1737921219 Resource: Zeros:1 Rand: Counter:0} LineId:0 Result:};
		where: /home/senior/Documents/GitHub/wow/tests/go/cmd/client/main.go, line: 74;
2025-01-26T19:53:39Z ::: execution;
	context item [LineId:]: int, 0;
	context item [LineValue:]: string, ;
		where: /home/senior/Documents/GitHub/wow/tests/go/cmd/client/main.go, line: 94;
2025-01-26T19:53:10Z ::: action;
	context item [response:]: proto.Response, {Type:on_action Hash:{Version:1 Date:1737921190 Resource: Zeros:1 Rand: Counter:0} LineId:0 Result:};
		where: /home/senior/Documents/GitHub/wow/tests/go/cmd/client/main.go, line: 74;
2025-01-26T19:53:10Z ::: execution;
	context item [LineId:]: int, 1;
	context item [LineValue:]: string, line 1;
		where: /home/senior/Documents/GitHub/wow/tests/go/cmd/client/main.go, line: 94;
2025-01-26T19:53:20Z ::: action;
	context item [response:]: proto.Response, {Type:on_action Hash:{Version:1 Date:1737921200 Resource: Zeros:1 Rand: Counter:0} LineId:0 Result:};
		where: /home/senior/Documents/GitHub/wow/tests/go/cmd/client/main.go, line: 74;
2025-01-26T19:53:20Z ::: execution;
	context item [LineId:]: int, 2;
	context item [LineValue:]: string, line 2;
		where: /home/senior/Documents/GitHub/wow/tests/go/cmd/client/main.go, line: 94;
2025-01-26T19:53:30Z ::: action;
	context item [response:]: proto.Response, {Type:on_action Hash:{Version:1 Date:1737921210 Resource: Zeros:1 Rand: Counter:0} LineId:0 Result:};
		where: /home/senior/Documents/GitHub/wow/tests/go/cmd/client/main.go, line: 74;
2025-01-26T19:53:30Z ::: execution;
	context item [LineId:]: int, 3;
	context item [LineValue:]: string, line 3;
		where: /home/senior/Documents/GitHub/wow/tests/go/cmd/client/main.go, line: 94;
2025-01-26T19:53:40Z ::: action;
	context item [response:]: proto.Response, {Type:on_action Hash:{Version:1 Date:1737921220 Resource: Zeros:1 Rand: Counter:0} LineId:0 Result:};
		where: /home/senior/Documents/GitHub/wow/tests/go/cmd/client/main.go, line: 74;
2025-01-26T19:53:40Z ::: execution;
	context item [LineValue:]: string, line 4;
	context item [LineId:]: int, 4;
		where: /home/senior/Documents/GitHub/wow/tests/go/cmd/client/main.go, line: 94;
2025-01-26T19:50:07Z ::: action;
	context item [response:]: proto.Response, {Type:on_action Hash:{Version:1 Date:1737921007 Resource: Zeros:1 Rand: Counter:0} LineId:0 Result:};
		where: /home/senior/Documents/GitHub/wow/tests/go/cmd/client/main.go, line: 74;
2025-01-26T19:50:07Z ::: execution;
	context item [LineId:]: int, 5;
	context item [LineValue:]: string, line 5;
		where: /home/senior/Documents/GitHub/wow/tests/go/cmd/client/main.go, line: 94;
2025-01-26T19:50:17Z ::: action;
	context item [response:]: proto.Response, {Type:on_action Hash:{Version:1 Date:1737921017 Resource: Zeros:1 Rand: Counter:0} LineId:0 Result:};
		where: /home/senior/Documents/GitHub/wow/tests/go/cmd/client/main.go, line: 74;
2025-01-26T19:50:17Z ::: execution;
	context item [LineId:]: int, 6;
	context item [LineValue:]: string, line 6;
		where: /home/senior/Documents/GitHub/wow/tests/go/cmd/client/main.go, line: 94;
2025-01-26T19:50:27Z ::: action;
	context item [response:]: proto.Response, {Type:on_action Hash:{Version:1 Date:1737921027 Resource: Zeros:1 Rand: Counter:0} LineId:0 Result:};
		where: /home/senior/Documents/GitHub/wow/tests/go/cmd/client/main.go, line: 74;
2025-01-26T19:50:27Z ::: execution;
	context item [LineId:]: int, 7;
	context item [LineValue:]: string, line 7;
		where: /home/senior/Documents/GitHub/wow/tests/go/cmd/client/main.go, line: 94;
2025-01-26T19:50:37Z ::: action;
	context item [response:]: proto.Response, {Type:on_action Hash:{Version:1 Date:1737921037 Resource: Zeros:1 Rand: Counter:0} LineId:0 Result:};
		where: /home/senior/Documents/GitHub/wow/tests/go/cmd/client/main.go, line: 74;
2025-01-26T19:50:37Z ::: execution;
	context item [LineValue:]: string, line 8;
	context item [LineId:]: int, 8;
		where: /home/senior/Documents/GitHub/wow/tests/go/cmd/client/main.go, line: 94;
2025-01-26T19:50:47Z ::: action;
	context item [response:]: proto.Response, {Type:on_action Hash:{Version:1 Date:1737921047 Resource: Zeros:1 Rand: Counter:0} LineId:0 Result:};
		where: /home/senior/Documents/GitHub/wow/tests/go/cmd/client/main.go, line: 74;
2025-01-26T19:50:47Z ::: execution;
	context item [LineId:]: int, 9;
	context item [LineValue:]: string, line 9;
		where: /home/senior/Documents/GitHub/wow/tests/go/cmd/client/main.go, line: 94;
2025-01-26T19:50:57Z ::: action;
	context item [response:]: proto.Response, {Type:on_action Hash:{Version:1 Date:1737921057 Resource: Zeros:1 Rand: Counter:0} LineId:0 Result:};
		where: /home/senior/Documents/GitHub/wow/tests/go/cmd/client/main.go, line: 74;
2025-01-26T19:50:57Z ::: execution;
	context item [LineValue:]: string, ;
	context item [LineId:]: int, 10;
		where: /home/senior/Documents/GitHub/wow/tests/go/cmd/client/main.go, line: 94;
2025-01-26T19:51:07Z ::: action;
	context item [response:]: proto.Response, {Type:on_action Hash:{Version:1 Date:1737921067 Resource: Zeros:1 Rand: Counter:0} LineId:0 Result:};
		where: /home/senior/Documents/GitHub/wow/tests/go/cmd/client/main.go, line: 74;
2025-01-26T19:51:07Z ::: execution;
	context item [LineId:]: int, 11;
	context item [LineValue:]: string, ;
		where: /home/senior/Documents/GitHub/wow/tests/go/cmd/client/main.go, line: 94;
2025-01-26T19:51:17Z ::: action;
	context item [response:]: proto.Response, {Type:on_action Hash:{Version:1 Date:1737921077 Resource: Zeros:1 Rand: Counter:0} LineId:0 Result:};
		where: /home/senior/Documents/GitHub/wow/tests/go/cmd/client/main.go, line: 74;
2025-01-26T19:51:17Z ::: execution;
	context item [LineId:]: int, 12;
	context item [LineValue:]: string, ;
		where: /home/senior/Documents/GitHub/wow/tests/go/cmd/client/main.go, line: 94;
2025-01-26T19:51:27Z ::: action;
	context item [response:]: proto.Response, {Type:on_action Hash:{Version:1 Date:1737921087 Resource: Zeros:1 Rand: Counter:0} LineId:0 Result:};
		where: /home/senior/Documents/GitHub/wow/tests/go/cmd/client/main.go, line: 74;
2025-01-26T19:51:27Z ::: execution;
	context item [LineId:]: int, 13;
	context item [LineValue:]: string, ;
		where: /home/senior/Documents/GitHub/wow/tests/go/cmd/client/main.go, line: 94;
2025-01-26T19:51:37Z ::: action;
	context item [response:]: proto.Response, {Type:on_action Hash:{Version:1 Date:1737921097 Resource: Zeros:1 Rand: Counter:0} LineId:0 Result:};
		where: /home/senior/Documents/GitHub/wow/tests/go/cmd/client/main.go, line: 74;
2025-01-26T19:51:37Z ::: execution;
	context item [LineId:]: int, 14;
	context item [LineValue:]: string, ;
		where: /home/senior/Documents/GitHub/wow/tests/go/cmd/client/main.go, line: 94;
2025-01-26T19:51:47Z ::: action;
	context item [response:]: proto.Response, {Type:on_action Hash:{Version:1 Date:1737921107 Resource: Zeros:1 Rand: Counter:0} LineId:0 Result:};
		where: /home/senior/Documents/GitHub/wow/tests/go/cmd/client/main.go, line: 74;
2025-01-26T19:51:47Z ::: execution;
	context item [LineId:]: int, 15;
	context item [LineValue:]: string, ;
		where: /home/senior/Documents/GitHub/wow/tests/go/cmd/client/main.go, line: 94;
2025-01-26T19:51:57Z ::: action;
	context item [response:]: proto.Response, {Type:on_action Hash:{Version:1 Date:1737921117 Resource: Zeros:1 Rand: Counter:0} LineId:0 Result:};
		where: /home/senior/Documents/GitHub/wow/tests/go/cmd/client/main.go, line: 74;
2025-01-26T19:51:57Z ::: execution;
	context item [LineId:]: int, 16;
	context item [LineValue:]: string, ;
		where: /home/senior/Documents/GitHub/wow/tests/go/cmd/client/main.go, line: 94;
2025-01-26T19:52:07Z ::: action;
	context item [response:]: proto.Response, {Type:on_action Hash:{Version:1 Date:1737921127 Resource: Zeros:1 Rand: Counter:0} LineId:0 Result:};
		where: /home/senior/Documents/GitHub/wow/tests/go/cmd/client/main.go, line: 74;
2025-01-26T19:52:07Z ::: execution;
	context item [LineId:]: int, 17;
	context item [LineValue:]: string, ;
		where: /home/senior/Documents/GitHub/wow/tests/go/cmd/client/main.go, line: 94;
2025-01-26T19:52:17Z ::: action;
	context item [response:]: proto.Response, {Type:on_action Hash:{Version:1 Date:1737921137 Resource: Zeros:1 Rand: Counter:0} LineId:0 Result:};
		where: /home/senior/Documents/GitHub/wow/tests/go/cmd/client/main.go, line: 74;
2025-01-26T19:52:17Z ::: execution;
	context item [LineId:]: int, 18;
	context item [LineValue:]: string, ;
		where: /home/senior/Documents/GitHub/wow/tests/go/cmd/client/main.go, line: 94;
2025-01-26T19:52:27Z ::: action;
	context item [response:]: proto.Response, {Type:on_action Hash:{Version:1 Date:1737921147 Resource: Zeros:1 Rand: Counter:0} LineId:0 Result:};
		where: /home/senior/Documents/GitHub/wow/tests/go/cmd/client/main.go, line: 74;
2025-01-26T19:52:27Z ::: execution;
	context item [LineId:]: int, 19;
	context item [LineValue:]: string, ;
		where: /home/senior/Documents/GitHub/wow/tests/go/cmd/client/main.go, line: 94;
2025-01-26T19:52:37Z ::: action;
	context item [response:]: proto.Response, {Type:on_action Hash:{Version:1 Date:1737921157 Resource: Zeros:1 Rand: Counter:0} LineId:0 Result:};
		where: /home/senior/Documents/GitHub/wow/tests/go/cmd/client/main.go, line: 74;
2025-01-26T19:52:37Z ::: execution;
	context item [LineId:]: int, 0;
	context item [LineValue:]: string, ;
		where: /home/senior/Documents/GitHub/wow/tests/go/cmd/client/main.go, line: 94;
2025-01-26T19:52:47Z ::: action;
	context item [response:]: proto.Response, {Type:on_action Hash:{Version:1 Date:1737921167 Resource: Zeros:1 Rand: Counter:0} LineId:0 Result:};
		where: /home/senior/Documents/GitHub/wow/tests/go/cmd/client/main.go, line: 74;
2025-01-26T19:52:47Z ::: execution;
	context item [LineId:]: int, 1;
	context item [LineValue:]: string, line 1;
		where: /home/senior/Documents/GitHub/wow/tests/go/cmd/client/main.go, line: 94;
2025-01-26T19:52:57Z ::: action;
	context item [response:]: proto.Response, {Type:on_action Hash:{Version:1 Date:1737921177 Resource: Zeros:1 Rand: Counter:0} LineId:0 Result:};
		where: /home/senior/Documents/GitHub/wow/tests/go/cmd/client/main.go, line: 74;
2025-01-26T19:52:57Z ::: execution;
	context item [LineId:]: int, 2;
	context item [LineValue:]: string, line 2;
		where: /home/senior/Documents/GitHub/wow/tests/go/cmd/client/main.go, line: 94;
2025-01-26T19:53:07Z ::: action;
	context item [response:]: proto.Response, {Type:on_action Hash:{Version:1 Date:1737921187 Resource: Zeros:1 Rand: Counter:0} LineId:0 Result:};
		where: /home/senior/Documents/GitHub/wow/tests/go/cmd/client/main.go, line: 74;
2025-01-26T19:53:07Z ::: execution;
	context item [LineValue:]: string, line 3;
	context item [LineId:]: int, 3;
		where: /home/senior/Documents/GitHub/wow/tests/go/cmd/client/main.go, line: 94;
2025-01-26T19:53:17Z ::: action;
	context item [response:]: proto.Response, {Type:on_action Hash:{Version:1 Date:1737921197 Resource: Zeros:1 Rand: Counter:0} LineId:0 Result:};
		where: /home/senior/Documents/GitHub/wow/tests/go/cmd/client/main.go, line: 74;
2025-01-26T19:53:17Z ::: execution;
	context item [LineId:]: int, 4;
	context item [LineValue:]: string, line 4;
		where: /home/senior/Documents/GitHub/wow/tests/go/cmd/client/main.go, line: 94;
2025-01-26T19:53:27Z ::: action;
	context item [response:]: proto.Response, {Type:on_action Hash:{Version:1 Date:1737921207 Resource: Zeros:1 Rand: Counter:0} LineId:0 Result:};
		where: /home/senior/Documents/GitHub/wow/tests/go/cmd/client/main.go, line: 74;
2025-01-26T19:53:27Z ::: execution;
	context item [LineId:]: int, 5;
	context item [LineValue:]: string, line 5;
		where: /home/senior/Documents/GitHub/wow/tests/go/cmd/client/main.go, line: 94;
2025-01-26T19:53:37Z ::: action;
	context item [response:]: proto.Response, {Type:on_action Hash:{Version:1 Date:1737921217 Resource: Zeros:1 Rand: Counter:0} LineId:0 Result:};
		where: /home/senior/Documents/GitHub/wow/tests/go/cmd/client/main.go, line: 74;
2025-01-26T19:53:37Z ::: execution;
	context item [LineId:]: int, 6;
	context item [LineValue:]: string, line 6;
		where: /home/senior/Documents/GitHub/wow/tests/go/cmd/client/main.go, line: 94;
2025-01-26T19:53:47Z ::: action;
	context item [response:]: proto.Response, {Type:on_action Hash:{Version:1 Date:1737921227 Resource: Zeros:1 Rand: Counter:0} LineId:0 Result:};
		where: /home/senior/Documents/GitHub/wow/tests/go/cmd/client/main.go, line: 74;
2025-01-26T19:53:47Z ::: execution;
	context item [LineId:]: int, 7;
	context item [LineValue:]: string, line 7;
		where: /home/senior/Documents/GitHub/wow/tests/go/cmd/client/main.go, line: 94;
