2025-01-26T19:19:12Z ::: epoll control loop;
	context item (0): *epoll.Epoll, &{Host:0.0.0.0 Port:9876 EpollEventsBufferSize:128 EpollLoopWaitTimeout:5000 epollEventsBuffer:[{Events:0 Fd:0 Pad:0} {Events:0 Fd:0 Pad:0} {Events:0 Fd:0 Pad:0} {Events:0 Fd:0 Pad:0} {Events:0 Fd:0 Pad:0} {Events:0 Fd:0 Pad:0} {Events:0 Fd:0 Pad:0} {Events:0 Fd:0 Pad:0} {Events:0 Fd:0 Pad:0} {Events:0 Fd:0 Pad:0} {Events:0 Fd:0 Pad:0} {Events:0 Fd:0 Pad:0} {Events:0 Fd:0 Pad:0} {Events:0 Fd:0 Pad:0} {Events:0 Fd:0 Pad:0} {Events:0 Fd:0 Pad:0} {Events:0 Fd:0 Pad:0} {Events:0 Fd:0 Pad:0} {Events:0 Fd:0 Pad:0} {Events:0 Fd:0 Pad:0} {Events:0 Fd:0 Pad:0} {Events:0 Fd:0 Pad:0} {Events:0 Fd:0 Pad:0} {Events:0 Fd:0 Pad:0} {Events:0 Fd:0 Pad:0} {Events:0 Fd:0 Pad:0} {Events:0 Fd:0 Pad:0} {Events:0 Fd:0 Pad:0} {Events:0 Fd:0 Pad:0} {Events:0 Fd:0 Pad:0} {Events:0 Fd:0 Pad:0} {Events:0 Fd:0 Pad:0} {Events:0 Fd:0 Pad:0} {Events:0 Fd:0 Pad:0} {Events:0 Fd:0 Pad:0} {Events:0 Fd:0 Pad:0} {Events:0 Fd:0 Pad:0} {Events:0 Fd:0 Pad:0} {Events:0 Fd:0 Pad:0} {Events:0 Fd:0 Pad:0} {Events:0 Fd:0 Pad:0} {Events:0 Fd:0 Pad:0} {Events:0 Fd:0 Pad:0} {Events:0 Fd:0 Pad:0} {Events:0 Fd:0 Pad:0} {Events:0 Fd:0 Pad:0} {Events:0 Fd:0 Pad:0} {Events:0 Fd:0 Pad:0} {Events:0 Fd:0 Pad:0} {Events:0 Fd:0 Pad:0} {Events:0 Fd:0 Pad:0} {Events:0 Fd:0 Pad:0} {Events:0 Fd:0 Pad:0} {Events:0 Fd:0 Pad:0} {Events:0 Fd:0 Pad:0} {Events:0 Fd:0 Pad:0} {Events:0 Fd:0 Pad:0} {Events:0 Fd:0 Pad:0} {Events:0 Fd:0 Pad:0} {Events:0 Fd:0 Pad:0} {Events:0 Fd:0 Pad:0} {Events:0 Fd:0 Pad:0} {Events:0 Fd:0 Pad:0} {Events:0 Fd:0 Pad:0} {Events:0 Fd:0 Pad:0} {Events:0 Fd:0 Pad:0} {Events:0 Fd:0 Pad:0} {Events:0 Fd:0 Pad:0} {Events:0 Fd:0 Pad:0} {Events:0 Fd:0 Pad:0} {Events:0 Fd:0 Pad:0} {Events:0 Fd:0 Pad:0} {Events:0 Fd:0 Pad:0} {Events:0 Fd:0 Pad:0} {Events:0 Fd:0 Pad:0} {Events:0 Fd:0 Pad:0} {Events:0 Fd:0 Pad:0} {Events:0 Fd:0 Pad:0} {Events:0 Fd:0 Pad:0} {Events:0 Fd:0 Pad:0} {Events:0 Fd:0 Pad:0} {Events:0 Fd:0 Pad:0} {Events:0 Fd:0 Pad:0} {Events:0 Fd:0 Pad:0} {Events:0 Fd:0 Pad:0} {Events:0 Fd:0 Pad:0} {Events:0 Fd:0 Pad:0} {Events:0 Fd:0 Pad:0} {Events:0 Fd:0 Pad:0} {Events:0 Fd:0 Pad:0} {Events:0 Fd:0 Pad:0} {Events:0 Fd:0 Pad:0} {Events:0 Fd:0 Pad:0} {Events:0 Fd:0 Pad:0} {Events:0 Fd:0 Pad:0} {Events:0 Fd:0 Pad:0} {Events:0 Fd:0 Pad:0} {Events:0 Fd:0 Pad:0} {Events:0 Fd:0 Pad:0} {Events:0 Fd:0 Pad:0} {Events:0 Fd:0 Pad:0} {Events:0 Fd:0 Pad:0} {Events:0 Fd:0 Pad:0} {Events:0 Fd:0 Pad:0} {Events:0 Fd:0 Pad:0} {Events:0 Fd:0 Pad:0} {Events:0 Fd:0 Pad:0} {Events:0 Fd:0 Pad:0} {Events:0 Fd:0 Pad:0} {Events:0 Fd:0 Pad:0} {Events:0 Fd:0 Pad:0} {Events:0 Fd:0 Pad:0} {Events:0 Fd:0 Pad:0} {Events:0 Fd:0 Pad:0} {Events:0 Fd:0 Pad:0} {Events:0 Fd:0 Pad:0} {Events:0 Fd:0 Pad:0} {Events:0 Fd:0 Pad:0} {Events:0 Fd:0 Pad:0} {Events:0 Fd:0 Pad:0} {Events:0 Fd:0 Pad:0} {Events:0 Fd:0 Pad:0} {Events:0 Fd:0 Pad:0} {Events:0 Fd:0 Pad:0} {Events:0 Fd:0 Pad:0} {Events:0 Fd:0 Pad:0} {Events:0 Fd:0 Pad:0} {Events:0 Fd:0 Pad:0}] epollHandler:7 socketHandler:9 workers:0xc00010a8d0 metrics:{acceptedConnectionsCounterMu:{w:{state:0 sema:0} writerSem:0 readerSem:0 readerCount:{_:{} v:0} readerWait:{_:{} v:0}} acceptedConnectionsCounter:0 readConnectionsCounterMu:{w:{state:0 sema:0} writerSem:0 readerSem:0 readerCount:{_:{} v:0} readerWait:{_:{} v:0}} readConnectionsCounter:0 Connections:{mu:{state:0 sema:0} read:{_:[] _:{} v:<nil>} dirty:map[] misses:0}}};
		where: /home/senior/Documents/GitHub/wow/tests/go/internal/pkg/transport/epoll/epoll.go, line: 134;
2025-01-26T19:19:42Z ::: cleaner: metrics;
	context item [Connections]: int, 1;
		where: /home/senior/Documents/GitHub/wow/tests/go/internal/pkg/transport/epoll/epoll.go, line: 257;
2025-01-26T19:20:12Z ::: cleaner: metrics;
	context item [Connections]: int, 1;
		where: /home/senior/Documents/GitHub/wow/tests/go/internal/pkg/transport/epoll/epoll.go, line: 257;
2025-01-26T19:20:42Z ::: cleaner: metrics;
	context item [Connections]: int, 1;
		where: /home/senior/Documents/GitHub/wow/tests/go/internal/pkg/transport/epoll/epoll.go, line: 257;
2025-01-26T19:21:12Z ::: cleaner: metrics;
	context item [Connections]: int, 1;
		where: /home/senior/Documents/GitHub/wow/tests/go/internal/pkg/transport/epoll/epoll.go, line: 257;
2025-01-26T19:21:42Z ::: cleaner: metrics;
	context item [Connections]: int, 1;
		where: /home/senior/Documents/GitHub/wow/tests/go/internal/pkg/transport/epoll/epoll.go, line: 257;
2025-01-26T19:22:12Z ::: cleaner: metrics;
	context item [Connections]: int, 1;
		where: /home/senior/Documents/GitHub/wow/tests/go/internal/pkg/transport/epoll/epoll.go, line: 257;
2025-01-26T19:22:42Z ::: cleaner: metrics;
	context item [Connections]: int, 1;
		where: /home/senior/Documents/GitHub/wow/tests/go/internal/pkg/transport/epoll/epoll.go, line: 257;
2025-01-26T19:23:12Z ::: cleaner: metrics;
	context item [Connections]: int, 2;
		where: /home/senior/Documents/GitHub/wow/tests/go/internal/pkg/transport/epoll/epoll.go, line: 257;
2025-01-26T19:23:42Z ::: cleaner: metrics;
	context item [Connections]: int, 3;
		where: /home/senior/Documents/GitHub/wow/tests/go/internal/pkg/transport/epoll/epoll.go, line: 257;
2025-01-26T19:24:12Z ::: cleaner: metrics;
	context item [Connections]: int, 3;
		where: /home/senior/Documents/GitHub/wow/tests/go/internal/pkg/transport/epoll/epoll.go, line: 257;
2025-01-26T19:24:42Z ::: cleaner: metrics;
	context item [Connections]: int, 3;
		where: /home/senior/Documents/GitHub/wow/tests/go/internal/pkg/transport/epoll/epoll.go, line: 257;
2025-01-26T19:25:12Z ::: cleaner: metrics;
	context item [Connections]: int, 3;
		where: /home/senior/Documents/GitHub/wow/tests/go/internal/pkg/transport/epoll/epoll.go, line: 257;
2025-01-26T19:25:42Z ::: cleaner: metrics;
	context item [Connections]: int, 3;
		where: /home/senior/Documents/GitHub/wow/tests/go/internal/pkg/transport/epoll/epoll.go, line: 257;
2025-01-26T19:26:12Z ::: cleaner: metrics;
	context item [Connections]: int, 3;
		where: /home/senior/Documents/GitHub/wow/tests/go/internal/pkg/transport/epoll/epoll.go, line: 257;
2025-01-26T19:26:42Z ::: cleaner: metrics;
	context item [Connections]: int, 3;
		where: /home/senior/Documents/GitHub/wow/tests/go/internal/pkg/transport/epoll/epoll.go, line: 257;
2025-01-26T19:27:12Z ::: cleaner: metrics;
	context item [Connections]: int, 3;
		where: /home/senior/Documents/GitHub/wow/tests/go/internal/pkg/transport/epoll/epoll.go, line: 257;
2025-01-26T19:27:42Z ::: cleaner: metrics;
	context item [Connections]: int, 3;
		where: /home/senior/Documents/GitHub/wow/tests/go/internal/pkg/transport/epoll/epoll.go, line: 257;
2025-01-26T19:28:12Z ::: cleaner: metrics;
	context item [Connections]: int, 3;
		where: /home/senior/Documents/GitHub/wow/tests/go/internal/pkg/transport/epoll/epoll.go, line: 257;
2025-01-26T19:28:42Z ::: cleaner: metrics;
	context item [Connections]: int, 3;
		where: /home/senior/Documents/GitHub/wow/tests/go/internal/pkg/transport/epoll/epoll.go, line: 257;
2025-01-26T19:29:12Z ::: cleaner: metrics;
	context item [Connections]: int, 3;
		where: /home/senior/Documents/GitHub/wow/tests/go/internal/pkg/transport/epoll/epoll.go, line: 257;
2025-01-26T19:29:42Z ::: cleaner: metrics;
	context item [Connections]: int, 3;
		where: /home/senior/Documents/GitHub/wow/tests/go/internal/pkg/transport/epoll/epoll.go, line: 257;
2025-01-26T19:30:12Z ::: cleaner: metrics;
	context item [Connections]: int, 3;
		where: /home/senior/Documents/GitHub/wow/tests/go/internal/pkg/transport/epoll/epoll.go, line: 257;
2025-01-26T19:30:42Z ::: cleaner: metrics;
	context item [Connections]: int, 3;
		where: /home/senior/Documents/GitHub/wow/tests/go/internal/pkg/transport/epoll/epoll.go, line: 257;
2025-01-26T19:31:12Z ::: cleaner: metrics;
	context item [Connections]: int, 3;
		where: /home/senior/Documents/GitHub/wow/tests/go/internal/pkg/transport/epoll/epoll.go, line: 257;
2025-01-26T19:31:42Z ::: cleaner: metrics;
	context item [Connections]: int, 3;
		where: /home/senior/Documents/GitHub/wow/tests/go/internal/pkg/transport/epoll/epoll.go, line: 257;
2025-01-26T19:32:12Z ::: cleaner: metrics;
	context item [Connections]: int, 3;
		where: /home/senior/Documents/GitHub/wow/tests/go/internal/pkg/transport/epoll/epoll.go, line: 257;
2025-01-26T19:32:43Z ::: cleaner: metrics;
	context item [Connections]: int, 3;
		where: /home/senior/Documents/GitHub/wow/tests/go/internal/pkg/transport/epoll/epoll.go, line: 257;
2025-01-26T19:33:13Z ::: cleaner: metrics;
	context item [Connections]: int, 3;
		where: /home/senior/Documents/GitHub/wow/tests/go/internal/pkg/transport/epoll/epoll.go, line: 257;
2025-01-26T19:33:43Z ::: cleaner: metrics;
	context item [Connections]: int, 3;
		where: /home/senior/Documents/GitHub/wow/tests/go/internal/pkg/transport/epoll/epoll.go, line: 257;
2025-01-26T19:34:13Z ::: cleaner: metrics;
	context item [Connections]: int, 3;
		where: /home/senior/Documents/GitHub/wow/tests/go/internal/pkg/transport/epoll/epoll.go, line: 257;
2025-01-26T19:34:43Z ::: cleaner: metrics;
	context item [Connections]: int, 3;
		where: /home/senior/Documents/GitHub/wow/tests/go/internal/pkg/transport/epoll/epoll.go, line: 257;
2025-01-26T19:35:13Z ::: cleaner: metrics;
	context item [Connections]: int, 3;
		where: /home/senior/Documents/GitHub/wow/tests/go/internal/pkg/transport/epoll/epoll.go, line: 257;
2025-01-26T19:35:43Z ::: cleaner: metrics;
	context item [Connections]: int, 3;
		where: /home/senior/Documents/GitHub/wow/tests/go/internal/pkg/transport/epoll/epoll.go, line: 257;
2025-01-26T19:36:13Z ::: cleaner: metrics;
	context item [Connections]: int, 3;
		where: /home/senior/Documents/GitHub/wow/tests/go/internal/pkg/transport/epoll/epoll.go, line: 257;
2025-01-26T19:36:43Z ::: cleaner: metrics;
	context item [Connections]: int, 3;
		where: /home/senior/Documents/GitHub/wow/tests/go/internal/pkg/transport/epoll/epoll.go, line: 257;
2025-01-26T19:37:13Z ::: cleaner: metrics;
	context item [Connections]: int, 3;
		where: /home/senior/Documents/GitHub/wow/tests/go/internal/pkg/transport/epoll/epoll.go, line: 257;
2025-01-26T19:37:43Z ::: cleaner: metrics;
	context item [Connections]: int, 3;
		where: /home/senior/Documents/GitHub/wow/tests/go/internal/pkg/transport/epoll/epoll.go, line: 257;
2025-01-26T19:38:13Z ::: cleaner: metrics;
	context item [Connections]: int, 3;
		where: /home/senior/Documents/GitHub/wow/tests/go/internal/pkg/transport/epoll/epoll.go, line: 257;
2025-01-26T19:38:43Z ::: cleaner: metrics;
	context item [Connections]: int, 3;
		where: /home/senior/Documents/GitHub/wow/tests/go/internal/pkg/transport/epoll/epoll.go, line: 257;
2025-01-26T19:39:13Z ::: cleaner: metrics;
	context item [Connections]: int, 3;
		where: /home/senior/Documents/GitHub/wow/tests/go/internal/pkg/transport/epoll/epoll.go, line: 257;
2025-01-26T19:39:43Z ::: cleaner: metrics;
	context item [Connections]: int, 3;
		where: /home/senior/Documents/GitHub/wow/tests/go/internal/pkg/transport/epoll/epoll.go, line: 257;
2025-01-26T19:40:13Z ::: cleaner: metrics;
	context item [Connections]: int, 3;
		where: /home/senior/Documents/GitHub/wow/tests/go/internal/pkg/transport/epoll/epoll.go, line: 257;
2025-01-26T19:40:43Z ::: cleaner: metrics;
	context item [Connections]: int, 3;
		where: /home/senior/Documents/GitHub/wow/tests/go/internal/pkg/transport/epoll/epoll.go, line: 257;
2025-01-26T19:41:13Z ::: cleaner: metrics;
	context item [Connections]: int, 3;
		where: /home/senior/Documents/GitHub/wow/tests/go/internal/pkg/transport/epoll/epoll.go, line: 257;
2025-01-26T19:41:43Z ::: cleaner: metrics;
	context item [Connections]: int, 3;
		where: /home/senior/Documents/GitHub/wow/tests/go/internal/pkg/transport/epoll/epoll.go, line: 257;
2025-01-26T19:42:13Z ::: cleaner: metrics;
	context item [Connections]: int, 3;
		where: /home/senior/Documents/GitHub/wow/tests/go/internal/pkg/transport/epoll/epoll.go, line: 257;
2025-01-26T19:42:43Z ::: cleaner: metrics;
	context item [Connections]: int, 3;
		where: /home/senior/Documents/GitHub/wow/tests/go/internal/pkg/transport/epoll/epoll.go, line: 257;
2025-01-26T19:43:13Z ::: cleaner: metrics;
	context item [Connections]: int, 3;
		where: /home/senior/Documents/GitHub/wow/tests/go/internal/pkg/transport/epoll/epoll.go, line: 257;
2025-01-26T19:43:43Z ::: cleaner: metrics;
	context item [Connections]: int, 3;
		where: /home/senior/Documents/GitHub/wow/tests/go/internal/pkg/transport/epoll/epoll.go, line: 257;
2025-01-26T19:44:13Z ::: cleaner: metrics;
	context item [Connections]: int, 3;
		where: /home/senior/Documents/GitHub/wow/tests/go/internal/pkg/transport/epoll/epoll.go, line: 257;
2025-01-26T19:44:43Z ::: cleaner: metrics;
	context item [Connections]: int, 3;
		where: /home/senior/Documents/GitHub/wow/tests/go/internal/pkg/transport/epoll/epoll.go, line: 257;
2025-01-26T19:45:13Z ::: cleaner: metrics;
	context item [Connections]: int, 3;
		where: /home/senior/Documents/GitHub/wow/tests/go/internal/pkg/transport/epoll/epoll.go, line: 257;
2025-01-26T19:45:43Z ::: cleaner: metrics;
	context item [Connections]: int, 3;
		where: /home/senior/Documents/GitHub/wow/tests/go/internal/pkg/transport/epoll/epoll.go, line: 257;
2025-01-26T19:46:13Z ::: cleaner: metrics;
	context item [Connections]: int, 3;
		where: /home/senior/Documents/GitHub/wow/tests/go/internal/pkg/transport/epoll/epoll.go, line: 257;
2025-01-26T19:46:43Z ::: cleaner: metrics;
	context item [Connections]: int, 3;
		where: /home/senior/Documents/GitHub/wow/tests/go/internal/pkg/transport/epoll/epoll.go, line: 257;
2025-01-26T19:47:13Z ::: cleaner: metrics;
	context item [Connections]: int, 3;
		where: /home/senior/Documents/GitHub/wow/tests/go/internal/pkg/transport/epoll/epoll.go, line: 257;
2025-01-26T19:47:43Z ::: cleaner: metrics;
	context item [Connections]: int, 3;
		where: /home/senior/Documents/GitHub/wow/tests/go/internal/pkg/transport/epoll/epoll.go, line: 257;
2025-01-26T19:48:13Z ::: cleaner: metrics;
	context item [Connections]: int, 3;
		where: /home/senior/Documents/GitHub/wow/tests/go/internal/pkg/transport/epoll/epoll.go, line: 257;
2025-01-26T19:48:43Z ::: cleaner: metrics;
	context item [Connections]: int, 3;
		where: /home/senior/Documents/GitHub/wow/tests/go/internal/pkg/transport/epoll/epoll.go, line: 257;
2025-01-26T19:49:13Z ::: cleaner: metrics;
	context item [Connections]: int, 3;
		where: /home/senior/Documents/GitHub/wow/tests/go/internal/pkg/transport/epoll/epoll.go, line: 257;
2025-01-26T19:49:43Z ::: cleaner: metrics;
	context item [Connections]: int, 3;
		where: /home/senior/Documents/GitHub/wow/tests/go/internal/pkg/transport/epoll/epoll.go, line: 257;
2025-01-26T19:50:13Z ::: cleaner: metrics;
	context item [Connections]: int, 3;
		where: /home/senior/Documents/GitHub/wow/tests/go/internal/pkg/transport/epoll/epoll.go, line: 257;
2025-01-26T19:50:43Z ::: cleaner: metrics;
	context item [Connections]: int, 3;
		where: /home/senior/Documents/GitHub/wow/tests/go/internal/pkg/transport/epoll/epoll.go, line: 257;
2025-01-26T19:51:13Z ::: cleaner: metrics;
	context item [Connections]: int, 3;
		where: /home/senior/Documents/GitHub/wow/tests/go/internal/pkg/transport/epoll/epoll.go, line: 257;
2025-01-26T19:51:43Z ::: cleaner: metrics;
	context item [Connections]: int, 3;
		where: /home/senior/Documents/GitHub/wow/tests/go/internal/pkg/transport/epoll/epoll.go, line: 257;
2025-01-26T19:52:13Z ::: cleaner: metrics;
	context item [Connections]: int, 3;
		where: /home/senior/Documents/GitHub/wow/tests/go/internal/pkg/transport/epoll/epoll.go, line: 257;
2025-01-26T19:52:43Z ::: cleaner: metrics;
	context item [Connections]: int, 3;
		where: /home/senior/Documents/GitHub/wow/tests/go/internal/pkg/transport/epoll/epoll.go, line: 257;
2025-01-26T19:53:13Z ::: cleaner: metrics;
	context item [Connections]: int, 3;
		where: /home/senior/Documents/GitHub/wow/tests/go/internal/pkg/transport/epoll/epoll.go, line: 257;
2025-01-26T19:53:44Z ::: cleaner: metrics;
	context item [Connections]: int, 3;
		where: /home/senior/Documents/GitHub/wow/tests/go/internal/pkg/transport/epoll/epoll.go, line: 257;
